2025-10-20 19:46:25,797 - INFO - 未找到对照表文件: mexc_element_map_1757729194.json，将创建新的对照表
2025-10-20 19:46:25,827 - INFO - 未找到 weex_cookie_header.txt 或 mexc_cookies.json，将以未登录方式打开页面
2025-10-20 19:47:55,272 - INFO - 启动浏览器失败: Message: session not created: DevToolsActivePort file doesn't exist
Stacktrace:
Symbols not available. Dumping unresolved backtrace:
	0x7ff6b9ef40c5
	0x7ff6b9ef4120
	0x7ff6b9c9ea9d
	0x7ff6b9ce2fb0
	0x7ff6b9cde5b2
	0x7ff6b9cd915e
	0x7ff6b9d2d906
	0x7ff6b9d2d186
	0x7ff6b9ce8455
	0x7ff6b9ce9273
	0x7ff6ba1d2c80
	0x7ff6ba1cd24a
	0x7ff6ba1ed716
	0x7ff6b9f0ef24
	0x7ff6b9f1648c
	0x7ff6b9efd074
	0x7ff6b9efd225
	0x7ff6b9ee33f2
	0x7ffebd867614
	0x7ffebdc626a1

2025-10-21 09:50:39,689 - INFO - 未找到对照表文件: mexc_element_map_1757729194.json，将创建新的对照表
2025-10-21 09:50:39,756 - INFO - 已加载浏览器配置: binary=C:\Users\Administrator\AppData\Local\Google\Chrome\Application\chrome.exe, user_data_dir=C:\Users\Administrator\AppData\Local\Google\Chrome\User Data, profile=Default, debug=127.0.0.1:9222
2025-10-21 09:50:39,786 - INFO - 未找到 weex_cookie_header.txt 或 mexc_cookies.json，将以未登录方式打开页面
2025-10-21 09:51:00,653 - INFO - 已附着到现有Chrome调试端口 127.0.0.1:9222，复用当前已登录页面: https://fk.crkpk.com/trade/MHI
2025-10-21 09:52:04,724 - INFO - 开始检测元素: 实盘
2025-10-21 09:52:04,740 - INFO - 请在浏览器中点击要检测的元素...
2025-10-21 09:52:04,756 - INFO - JavaScript注入结果: 点击监听器已启动
2025-10-21 09:52:06,755 - INFO - 成功检测到元素: 实盘
2025-10-21 09:52:06,792 - INFO - 标签: DIV
2025-10-21 09:52:06,797 - INFO - ID: 
2025-10-21 09:52:06,803 - INFO - Class: active
2025-10-21 09:52:06,807 - INFO - 文本: 实盘
2025-10-21 09:52:06,821 - INFO - XPath: id("Trade")/DIV[2]/DIV[2]/DIV[4]/DIV[1]
2025-10-21 09:52:06,848 - INFO - CSS Path: html > body > div > div > div.trade_blc > div.blc_info > div.switch_btn > div.active
2025-10-21 09:52:06,857 - INFO - 停止检测
2025-10-21 09:52:26,811 - INFO - 开始检测元素: 市价
2025-10-21 09:52:26,820 - INFO - 请在浏览器中点击要检测的元素...
2025-10-21 09:52:26,829 - INFO - JavaScript注入结果: 点击监听器已启动
2025-10-21 09:52:28,947 - INFO - 成功检测到元素: 市价
2025-10-21 09:52:28,966 - INFO - 标签: DIV
2025-10-21 09:52:28,970 - INFO - ID: 
2025-10-21 09:52:28,976 - INFO - Class: active
2025-10-21 09:52:28,980 - INFO - 文本: 市价
2025-10-21 09:52:28,997 - INFO - XPath: id("Trade")/DIV[3]/DIV[2]/DIV[1]/DIV[1]/DIV[1]/DIV[1]
2025-10-21 09:52:29,030 - INFO - CSS Path: html > body > div > div > div.trade_main > div.tradeOrder > div.order_box > div.nav_box > div.title > div.active
2025-10-21 09:52:29,039 - INFO - 停止检测
2025-10-21 09:52:59,945 - INFO - 开始检测元素: 元
2025-10-21 09:52:59,960 - INFO - 请在浏览器中点击要检测的元素...
2025-10-21 09:52:59,978 - INFO - JavaScript注入结果: 点击监听器已启动
2025-10-21 09:53:02,282 - INFO - 成功检测到元素: 元
2025-10-21 09:53:02,314 - INFO - 标签: DIV
2025-10-21 09:53:02,320 - INFO - ID: 
2025-10-21 09:53:02,325 - INFO - Class: active
2025-10-21 09:53:02,330 - INFO - 文本: 元
2025-10-21 09:53:02,348 - INFO - XPath: id("Trade")/DIV[3]/DIV[2]/DIV[1]/DIV[2]/DIV[2]/DIV[1]/DIV[1]
2025-10-21 09:53:02,386 - INFO - CSS Path: html > body > div > div > div.trade_main > div.tradeOrder > div.order_box > div.order_info > div.line.one > div.volume > div.active
2025-10-21 09:53:02,394 - INFO - 停止检测
2025-10-21 09:53:13,225 - INFO - 开始检测元素: 角
2025-10-21 09:53:13,238 - INFO - 请在浏览器中点击要检测的元素...
2025-10-21 09:53:13,249 - INFO - JavaScript注入结果: 点击监听器已启动
2025-10-21 09:53:15,496 - INFO - 成功检测到元素: 角
2025-10-21 09:53:15,503 - INFO - 标签: DIV
2025-10-21 09:53:15,521 - INFO - ID: 
2025-10-21 09:53:15,524 - INFO - Class: 
2025-10-21 09:53:15,532 - INFO - 文本: 角
2025-10-21 09:53:15,549 - INFO - XPath: id("Trade")/DIV[3]/DIV[2]/DIV[1]/DIV[2]/DIV[2]/DIV[1]/DIV[2]
2025-10-21 09:53:15,591 - INFO - CSS Path: html > body > div > div > div.trade_main > div.tradeOrder > div.order_box > div.order_info > div.line.one > div.volume > div
2025-10-21 09:53:15,598 - INFO - 停止检测
2025-10-21 09:56:30,459 - INFO - 开始检测元素: 角
2025-10-21 09:56:30,465 - INFO - 请在浏览器中点击要检测的元素...
2025-10-21 09:56:30,479 - INFO - JavaScript注入结果: 点击监听器已启动
2025-10-21 09:56:30,499 - INFO - 成功检测到元素: 角
2025-10-21 09:56:30,506 - INFO - 标签: DIV
2025-10-21 09:56:30,551 - INFO - ID: 
2025-10-21 09:56:30,558 - INFO - Class: chart_info
2025-10-21 09:56:30,578 - INFO - 文本: 小恒指(MHI2510)26269涨跌额+405涨跌幅+1.57%最高26284最低2611424H成交量35425
2025-10-21 09:56:30,596 - INFO - XPath: id("Trade")/DIV[3]/DIV[1]/DIV[1]/DIV[2]/DIV[1]
2025-10-21 09:56:30,629 - INFO - CSS Path: html > body > div > div > div.trade_main > div.trade_info > div.trade_top > div.chart > div.chart_info
2025-10-21 09:56:30,638 - INFO - 停止检测
2025-10-21 09:56:31,954 - INFO - 开始检测元素: 角
2025-10-21 09:56:31,963 - INFO - 请在浏览器中点击要检测的元素...
2025-10-21 09:56:31,971 - INFO - JavaScript注入结果: 点击监听器已启动
2025-10-21 09:56:36,805 - INFO - 成功检测到元素: 角
2025-10-21 09:56:36,827 - INFO - 标签: DIV
2025-10-21 09:56:36,832 - INFO - ID: 
2025-10-21 09:56:36,837 - INFO - Class: active
2025-10-21 09:56:36,841 - INFO - 文本: 角
2025-10-21 09:56:36,858 - INFO - XPath: id("Trade")/DIV[3]/DIV[2]/DIV[1]/DIV[2]/DIV[2]/DIV[1]/DIV[2]
2025-10-21 09:56:36,893 - INFO - CSS Path: html > body > div > div > div.trade_main > div.tradeOrder > div.order_box > div.order_info > div.line.one > div.volume > div.active
2025-10-21 09:56:36,899 - INFO - 停止检测
2025-10-21 09:56:41,678 - INFO - 对照表已保存到: mexc_element_map_1757729194.json
2025-10-21 09:56:41,689 - INFO - 保存了 4 个元素
2025-10-21 09:57:06,317 - INFO - 开始检测元素: 买涨
2025-10-21 09:57:06,324 - INFO - 请在浏览器中点击要检测的元素...
2025-10-21 09:57:06,336 - INFO - JavaScript注入结果: 点击监听器已启动
2025-10-21 09:57:28,406 - INFO - 成功检测到元素: 买涨
2025-10-21 09:57:28,435 - INFO - 标签: B
2025-10-21 09:57:28,439 - INFO - ID: 
2025-10-21 09:57:28,444 - INFO - Class: 
2025-10-21 09:57:28,448 - INFO - 文本: 26245
2025-10-21 09:57:28,468 - INFO - XPath: id("Trade")/DIV[3]/DIV[2]/DIV[1]/DIV[2]/DIV[8]/DIV[1]/B[1]
2025-10-21 09:57:28,516 - INFO - CSS Path: html > body > div > div > div.trade_main > div.tradeOrder > div.order_box > div.order_info > div.btn_box > div.btn.red_bg > b
2025-10-21 09:57:28,528 - INFO - 停止检测
2025-10-21 10:06:08,934 - INFO - 开始检测元素: 确认
2025-10-21 10:06:08,940 - INFO - 请在浏览器中点击要检测的元素...
2025-10-21 10:06:08,954 - INFO - JavaScript注入结果: 点击监听器已启动
2025-10-21 10:06:15,006 - INFO - 成功检测到元素: 确认
2025-10-21 10:06:15,035 - INFO - 标签: DIV
2025-10-21 10:06:15,044 - INFO - ID: 
2025-10-21 10:06:15,053 - INFO - Class: 
2025-10-21 10:06:15,058 - INFO - 文本: 确认
2025-10-21 10:06:15,078 - INFO - XPath: BODY/DIV[5]/DIV[1]/DIV[2]/DIV[1]/DIV[2]/DIV[2]/DIV[7]/DIV[2]
2025-10-21 10:06:15,132 - INFO - CSS Path: html > body > div > div.ant-modal-root > div.ant-modal-wrap. > div.ant-modal.order_confirm > div.ant-modal-content > div.ant-modal-body > div.btn_box > div
2025-10-21 10:06:15,142 - INFO - 停止检测
2025-10-21 10:06:55,092 - INFO - 开始检测元素: 买跌
2025-10-21 10:06:55,103 - INFO - 请在浏览器中点击要检测的元素...
2025-10-21 10:06:55,116 - INFO - JavaScript注入结果: 点击监听器已启动
2025-10-21 10:06:57,043 - INFO - 成功检测到元素: 买跌
2025-10-21 10:06:57,071 - INFO - 标签: SPAN
2025-10-21 10:06:57,076 - INFO - ID: 
2025-10-21 10:06:57,080 - INFO - Class: 
2025-10-21 10:06:57,084 - INFO - 文本: 买跌
2025-10-21 10:06:57,101 - INFO - XPath: id("Trade")/DIV[3]/DIV[2]/DIV[1]/DIV[2]/DIV[8]/DIV[2]/SPAN[1]
2025-10-21 10:06:57,134 - INFO - CSS Path: html > body > div > div > div.trade_main > div.tradeOrder > div.order_box > div.order_info > div.btn_box > div.btn.green_bg > span
2025-10-21 10:06:57,141 - INFO - 停止检测
2025-10-21 10:07:03,493 - INFO - 开始检测元素: 买跌
2025-10-21 10:07:03,500 - INFO - 请在浏览器中点击要检测的元素...
2025-10-21 10:07:03,512 - INFO - JavaScript注入结果: 点击监听器已启动
2025-10-21 10:07:03,552 - INFO - 成功检测到元素: 买跌
2025-10-21 10:07:03,557 - INFO - 标签: DIV
2025-10-21 10:07:03,567 - INFO - ID: 
2025-10-21 10:07:03,572 - INFO - Class: 
2025-10-21 10:07:03,578 - INFO - 文本: 确认
2025-10-21 10:07:03,598 - INFO - XPath: BODY/DIV[6]/DIV[1]/DIV[2]/DIV[1]/DIV[2]/DIV[2]/DIV[7]/DIV[2]
2025-10-21 10:07:03,637 - INFO - CSS Path: html > body > div > div.ant-modal-root > div.ant-modal-wrap. > div.ant-modal.order_confirm > div.ant-modal-content > div.ant-modal-body > div.btn_box > div
2025-10-21 10:07:03,647 - INFO - 停止检测
2025-10-21 10:07:05,067 - INFO - 开始检测元素: 买跌
2025-10-21 10:07:05,073 - INFO - 请在浏览器中点击要检测的元素...
2025-10-21 10:07:05,083 - INFO - JavaScript注入结果: 点击监听器已启动
2025-10-21 10:07:06,917 - INFO - 成功检测到元素: 买跌
2025-10-21 10:07:06,944 - INFO - 标签: DIV
2025-10-21 10:07:06,948 - INFO - ID: 
2025-10-21 10:07:06,955 - INFO - Class: btn green_bg
2025-10-21 10:07:06,962 - INFO - 文本: 买跌26275
2025-10-21 10:07:06,980 - INFO - XPath: id("Trade")/DIV[3]/DIV[2]/DIV[1]/DIV[2]/DIV[8]/DIV[2]
2025-10-21 10:07:07,011 - INFO - CSS Path: html > body > div > div > div.trade_main > div.tradeOrder > div.order_box > div.order_info > div.btn_box > div.btn.green_bg
2025-10-21 10:07:07,018 - INFO - 停止检测
2025-10-21 10:19:52,750 - INFO - 开始检测元素: 买跌确认
2025-10-21 10:19:52,758 - INFO - 请在浏览器中点击要检测的元素...
2025-10-21 10:19:52,768 - INFO - JavaScript注入结果: 点击监听器已启动
2025-10-21 10:19:54,930 - INFO - 成功检测到元素: 买跌确认
2025-10-21 10:19:54,935 - INFO - 标签: DIV
2025-10-21 10:19:54,939 - INFO - ID: 
2025-10-21 10:19:54,943 - INFO - Class: 
2025-10-21 10:19:54,947 - INFO - 文本: 确认
2025-10-21 10:19:54,967 - INFO - XPath: BODY/DIV[6]/DIV[1]/DIV[2]/DIV[1]/DIV[2]/DIV[2]/DIV[7]/DIV[2]
2025-10-21 10:19:55,010 - INFO - CSS Path: html > body > div > div.ant-modal-root > div.ant-modal-wrap. > div.ant-modal.order_confirm > div.ant-modal-content > div.ant-modal-body > div.btn_box > div
2025-10-21 10:19:55,019 - INFO - 停止检测
2025-10-21 13:36:05,502 - INFO - 浏览器已在运行
2025-10-21 13:36:28,067 - INFO - 开始检测元素: 买跌确认
2025-10-21 13:36:28,073 - INFO - 请在浏览器中点击要检测的元素...
2025-10-21 13:36:28,092 - INFO - JavaScript注入结果: 点击监听器已启动
2025-10-21 13:36:28,110 - INFO - 成功检测到元素: 买跌确认
2025-10-21 13:36:28,115 - INFO - 标签: DIV
2025-10-21 13:36:28,147 - INFO - ID: 
2025-10-21 13:36:28,154 - INFO - Class: confirm
2025-10-21 13:36:28,159 - INFO - 文本: 确定
2025-10-21 13:36:28,185 - INFO - XPath: BODY/DIV[6]/DIV[1]/DIV[2]/DIV[1]/DIV[2]/DIV[2]/DIV[2]/DIV[2]
2025-10-21 13:36:28,233 - INFO - CSS Path: html > body > div > div.ant-modal-root > div.ant-modal-wrap. > div.ant-modal.theme_dark > div.ant-modal-content > div.ant-modal-body > div.btn_box > div.confirm
2025-10-21 13:36:28,242 - INFO - 停止检测
2025-10-21 13:36:29,281 - INFO - 开始检测元素: 买跌确认
2025-10-21 13:36:29,289 - INFO - 请在浏览器中点击要检测的元素...
2025-10-21 13:36:29,298 - INFO - JavaScript注入结果: 点击监听器已启动
2025-10-21 13:36:34,543 - INFO - 停止检测
2025-10-21 13:37:17,066 - INFO - 开始检测元素: 模拟
2025-10-21 13:37:17,073 - INFO - 请在浏览器中点击要检测的元素...
2025-10-21 13:37:17,083 - INFO - JavaScript注入结果: 点击监听器已启动
2025-10-21 13:37:19,134 - INFO - 成功检测到元素: 模拟
2025-10-21 13:37:19,163 - INFO - 标签: DIV
2025-10-21 13:37:19,167 - INFO - ID: 
2025-10-21 13:37:19,171 - INFO - Class: 
2025-10-21 13:37:19,175 - INFO - 文本: 模拟
2025-10-21 13:37:19,188 - INFO - XPath: id("Trade")/DIV[2]/DIV[2]/DIV[4]/DIV[2]
2025-10-21 13:37:19,209 - INFO - CSS Path: html > body > div > div > div.trade_blc > div.blc_info > div.switch_btn > div
2025-10-21 13:37:19,215 - INFO - 停止检测
2025-10-21 13:37:53,471 - INFO - 开始检测元素: 模拟_元
2025-10-21 13:37:53,485 - INFO - 请在浏览器中点击要检测的元素...
2025-10-21 13:37:53,496 - INFO - JavaScript注入结果: 点击监听器已启动
2025-10-21 13:37:56,067 - INFO - 成功检测到元素: 模拟_元
2025-10-21 13:37:56,071 - INFO - 标签: DIV
2025-10-21 13:37:56,098 - INFO - ID: 
2025-10-21 13:37:56,107 - INFO - Class: active
2025-10-21 13:37:56,112 - INFO - 文本: 元
2025-10-21 13:37:56,134 - INFO - XPath: id("Trade")/DIV[3]/DIV[2]/DIV[1]/DIV[2]/DIV[2]/DIV[1]/DIV[1]
2025-10-21 13:37:56,173 - INFO - CSS Path: html > body > div > div > div.trade_main > div.tradeOrder > div.order_box > div.order_info > div.line.one > div.volume > div.active
2025-10-21 13:37:56,179 - INFO - 停止检测
2025-10-21 13:38:36,498 - INFO - 开始检测元素: 模拟_数量1
2025-10-21 13:38:36,505 - INFO - 请在浏览器中点击要检测的元素...
2025-10-21 13:38:36,514 - INFO - JavaScript注入结果: 点击监听器已启动
2025-10-21 13:38:40,544 - INFO - 成功检测到元素: 模拟_数量1
2025-10-21 13:38:40,570 - INFO - 标签: DIV
2025-10-21 13:38:40,574 - INFO - ID: 
2025-10-21 13:38:40,580 - INFO - Class: active
2025-10-21 13:38:40,588 - INFO - 文本: 1
2025-10-21 13:38:40,615 - INFO - XPath: id("Trade")/DIV[3]/DIV[2]/DIV[1]/DIV[2]/DIV[3]/DIV[1]/DIV[1]
2025-10-21 13:38:40,667 - INFO - CSS Path: html > body > div > div > div.trade_main > div.tradeOrder > div.order_box > div.order_info > div.line.two > div.volume > div.active
2025-10-21 13:38:40,674 - INFO - 停止检测
2025-10-21 13:38:43,739 - INFO - 开始检测元素: 模拟_数量2
2025-10-21 13:38:43,746 - INFO - 请在浏览器中点击要检测的元素...
2025-10-21 13:38:43,756 - INFO - JavaScript注入结果: 点击监听器已启动
2025-10-21 13:38:45,346 - INFO - 成功检测到元素: 模拟_数量2
2025-10-21 13:38:45,352 - INFO - 标签: DIV
2025-10-21 13:38:45,396 - INFO - ID: 
2025-10-21 13:38:45,405 - INFO - Class: 
2025-10-21 13:38:45,414 - INFO - 文本: 2
2025-10-21 13:38:45,443 - INFO - XPath: id("Trade")/DIV[3]/DIV[2]/DIV[1]/DIV[2]/DIV[3]/DIV[1]/DIV[2]
2025-10-21 13:38:45,485 - INFO - CSS Path: html > body > div > div > div.trade_main > div.tradeOrder > div.order_box > div.order_info > div.line.two > div.volume > div
2025-10-21 13:38:45,497 - INFO - 停止检测
2025-10-21 13:38:52,984 - INFO - 开始检测元素: 模拟_数量3
2025-10-21 13:38:52,993 - INFO - 请在浏览器中点击要检测的元素...
2025-10-21 13:38:53,001 - INFO - JavaScript注入结果: 点击监听器已启动
2025-10-21 13:38:54,941 - INFO - 成功检测到元素: 模拟_数量3
2025-10-21 13:38:54,973 - INFO - 标签: DIV
2025-10-21 13:38:54,976 - INFO - ID: 
2025-10-21 13:38:54,980 - INFO - Class: 
2025-10-21 13:38:54,986 - INFO - 文本: 3
2025-10-21 13:38:55,010 - INFO - XPath: id("Trade")/DIV[3]/DIV[2]/DIV[1]/DIV[2]/DIV[3]/DIV[1]/DIV[3]
2025-10-21 13:38:55,046 - INFO - CSS Path: html > body > div > div > div.trade_main > div.tradeOrder > div.order_box > div.order_info > div.line.two > div.volume > div
2025-10-21 13:38:55,056 - INFO - 停止检测
2025-10-21 13:38:58,634 - INFO - 开始检测元素: 模拟_数量4
2025-10-21 13:38:58,641 - INFO - 请在浏览器中点击要检测的元素...
2025-10-21 13:38:58,651 - INFO - JavaScript注入结果: 点击监听器已启动
2025-10-21 13:39:01,408 - INFO - 成功检测到元素: 模拟_数量4
2025-10-21 13:39:01,416 - INFO - 标签: DIV
2025-10-21 13:39:01,465 - INFO - ID: 
2025-10-21 13:39:01,478 - INFO - Class: 
2025-10-21 13:39:01,483 - INFO - 文本: 5
2025-10-21 13:39:01,511 - INFO - XPath: id("Trade")/DIV[3]/DIV[2]/DIV[1]/DIV[2]/DIV[3]/DIV[1]/DIV[4]
2025-10-21 13:39:01,544 - INFO - CSS Path: html > body > div > div > div.trade_main > div.tradeOrder > div.order_box > div.order_info > div.line.two > div.volume > div
2025-10-21 13:39:01,550 - INFO - 停止检测
2025-10-21 13:39:06,220 - INFO - 开始检测元素: 模拟_数量5
2025-10-21 13:39:06,228 - INFO - 请在浏览器中点击要检测的元素...
2025-10-21 13:39:06,237 - INFO - JavaScript注入结果: 点击监听器已启动
2025-10-21 13:39:08,027 - INFO - 成功检测到元素: 模拟_数量5
2025-10-21 13:39:08,056 - INFO - 标签: DIV
2025-10-21 13:39:08,060 - INFO - ID: 
2025-10-21 13:39:08,065 - INFO - Class: 
2025-10-21 13:39:08,068 - INFO - 文本: 8
2025-10-21 13:39:08,085 - INFO - XPath: id("Trade")/DIV[3]/DIV[2]/DIV[1]/DIV[2]/DIV[3]/DIV[1]/DIV[5]
2025-10-21 13:39:08,131 - INFO - CSS Path: html > body > div > div > div.trade_main > div.tradeOrder > div.order_box > div.order_info > div.line.two > div.volume > div
2025-10-21 13:39:08,140 - INFO - 停止检测
2025-10-21 13:39:12,313 - INFO - 开始检测元素: 模拟_数量6
2025-10-21 13:39:12,320 - INFO - 请在浏览器中点击要检测的元素...
2025-10-21 13:39:12,329 - INFO - JavaScript注入结果: 点击监听器已启动
2025-10-21 13:39:14,030 - INFO - 成功检测到元素: 模拟_数量6
2025-10-21 13:39:14,035 - INFO - 标签: DIV
2025-10-21 13:39:14,040 - INFO - ID: 
2025-10-21 13:39:14,043 - INFO - Class: 
2025-10-21 13:39:14,050 - INFO - 文本: 10
2025-10-21 13:39:14,068 - INFO - XPath: id("Trade")/DIV[3]/DIV[2]/DIV[1]/DIV[2]/DIV[3]/DIV[1]/DIV[6]
2025-10-21 13:39:14,111 - INFO - CSS Path: html > body > div > div > div.trade_main > div.tradeOrder > div.order_box > div.order_info > div.line.two > div.volume > div
2025-10-21 13:39:14,120 - INFO - 停止检测
2025-10-21 13:39:45,922 - INFO - 开始检测元素: 模拟_保证金
2025-10-21 13:39:45,932 - INFO - 请在浏览器中点击要检测的元素...
2025-10-21 13:39:45,945 - INFO - JavaScript注入结果: 点击监听器已启动
2025-10-21 13:39:47,608 - INFO - 停止检测
2025-10-21 13:39:49,051 - INFO - 开始检测元素: 模拟_保证金1
2025-10-21 13:39:49,057 - INFO - 请在浏览器中点击要检测的元素...
2025-10-21 13:39:49,069 - INFO - JavaScript注入结果: 点击监听器已启动
2025-10-21 13:39:51,283 - INFO - 成功检测到元素: 模拟_保证金1
2025-10-21 13:39:51,318 - INFO - 标签: DIV
2025-10-21 13:39:51,324 - INFO - ID: 
2025-10-21 13:39:51,332 - INFO - Class: active
2025-10-21 13:39:51,338 - INFO - 文本: 2700
2025-10-21 13:39:51,359 - INFO - XPath: id("Trade")/DIV[3]/DIV[2]/DIV[1]/DIV[2]/DIV[4]/DIV[1]/DIV[1]
2025-10-21 13:39:51,402 - INFO - CSS Path: html > body > div > div > div.trade_main > div.tradeOrder > div.order_box > div.order_info > div.line.two > div.volume.stopLoss > div.active
2025-10-21 13:39:51,414 - INFO - 停止检测
2025-10-21 13:39:54,606 - INFO - 开始检测元素: 模拟_保证金2
2025-10-21 13:39:54,615 - INFO - 请在浏览器中点击要检测的元素...
2025-10-21 13:39:54,627 - INFO - JavaScript注入结果: 点击监听器已启动
2025-10-21 13:39:56,408 - INFO - 成功检测到元素: 模拟_保证金2
2025-10-21 13:39:56,415 - INFO - 标签: DIV
2025-10-21 13:39:56,495 - INFO - ID: 
2025-10-21 13:39:56,504 - INFO - Class: 
2025-10-21 13:39:56,510 - INFO - 文本: 4050
2025-10-21 13:39:56,528 - INFO - XPath: id("Trade")/DIV[3]/DIV[2]/DIV[1]/DIV[2]/DIV[4]/DIV[1]/DIV[2]
2025-10-21 13:39:56,566 - INFO - CSS Path: html > body > div > div > div.trade_main > div.tradeOrder > div.order_box > div.order_info > div.line.two > div.volume.stopLoss > div
2025-10-21 13:39:56,582 - INFO - 停止检测
2025-10-21 13:39:59,545 - INFO - 开始检测元素: 模拟_保证金3
2025-10-21 13:39:59,551 - INFO - 请在浏览器中点击要检测的元素...
2025-10-21 13:39:59,559 - INFO - JavaScript注入结果: 点击监听器已启动
2025-10-21 13:40:01,375 - INFO - 成功检测到元素: 模拟_保证金3
2025-10-21 13:40:01,381 - INFO - 标签: DIV
2025-10-21 13:40:01,405 - INFO - ID: 
2025-10-21 13:40:01,410 - INFO - Class: 
2025-10-21 13:40:01,413 - INFO - 文本: 5850
2025-10-21 13:40:01,432 - INFO - XPath: id("Trade")/DIV[3]/DIV[2]/DIV[1]/DIV[2]/DIV[4]/DIV[1]/DIV[3]
2025-10-21 13:40:01,470 - INFO - CSS Path: html > body > div > div > div.trade_main > div.tradeOrder > div.order_box > div.order_info > div.line.two > div.volume.stopLoss > div
2025-10-21 13:40:01,477 - INFO - 停止检测
2025-10-21 13:40:04,155 - INFO - 开始检测元素: 模拟_保证金4
2025-10-21 13:40:04,162 - INFO - 请在浏览器中点击要检测的元素...
2025-10-21 13:40:04,171 - INFO - JavaScript注入结果: 点击监听器已启动
2025-10-21 13:40:05,759 - INFO - 成功检测到元素: 模拟_保证金4
2025-10-21 13:40:05,765 - INFO - 标签: DIV
2025-10-21 13:40:05,769 - INFO - ID: 
2025-10-21 13:40:05,773 - INFO - Class: 
2025-10-21 13:40:05,777 - INFO - 文本: 8100
2025-10-21 13:40:05,799 - INFO - XPath: id("Trade")/DIV[3]/DIV[2]/DIV[1]/DIV[2]/DIV[4]/DIV[1]/DIV[4]
2025-10-21 13:40:05,836 - INFO - CSS Path: html > body > div > div > div.trade_main > div.tradeOrder > div.order_box > div.order_info > div.line.two > div.volume.stopLoss > div
2025-10-21 13:40:05,844 - INFO - 停止检测
2025-10-21 13:40:33,202 - INFO - 开始检测元素: 模拟_买涨
2025-10-21 13:40:33,209 - INFO - 请在浏览器中点击要检测的元素...
2025-10-21 13:40:33,218 - INFO - JavaScript注入结果: 点击监听器已启动
2025-10-21 13:40:36,154 - INFO - 成功检测到元素: 模拟_买涨
2025-10-21 13:40:36,161 - INFO - 标签: SPAN
2025-10-21 13:40:36,198 - INFO - ID: 
2025-10-21 13:40:36,208 - INFO - Class: 
2025-10-21 13:40:36,213 - INFO - 文本: 买涨
2025-10-21 13:40:36,232 - INFO - XPath: id("Trade")/DIV[3]/DIV[2]/DIV[1]/DIV[2]/DIV[7]/DIV[1]/SPAN[1]
2025-10-21 13:40:36,273 - INFO - CSS Path: html > body > div > div > div.trade_main > div.tradeOrder > div.order_box > div.order_info > div.btn_box > div.btn.red_bg > span
2025-10-21 13:40:36,284 - INFO - 停止检测
2025-10-21 13:40:48,254 - INFO - 开始检测元素: 模拟_买涨_确认
2025-10-21 13:40:48,265 - INFO - 请在浏览器中点击要检测的元素...
2025-10-21 13:40:48,277 - INFO - JavaScript注入结果: 点击监听器已启动
2025-10-21 13:40:49,850 - INFO - 成功检测到元素: 模拟_买涨_确认
2025-10-21 13:40:49,882 - INFO - 标签: DIV
2025-10-21 13:40:49,888 - INFO - ID: 
2025-10-21 13:40:49,893 - INFO - Class: 
2025-10-21 13:40:49,897 - INFO - 文本: 确认
2025-10-21 13:40:49,914 - INFO - XPath: BODY/DIV[7]/DIV[1]/DIV[2]/DIV[1]/DIV[2]/DIV[2]/DIV[5]/DIV[2]
2025-10-21 13:40:49,959 - INFO - CSS Path: html > body > div > div.ant-modal-root > div.ant-modal-wrap. > div.ant-modal.order_confirm > div.ant-modal-content > div.ant-modal-body > div.btn_box > div
2025-10-21 13:40:49,967 - INFO - 停止检测
2025-10-21 13:41:06,881 - INFO - 开始检测元素: 模拟_买跌
2025-10-21 13:41:06,887 - INFO - 请在浏览器中点击要检测的元素...
2025-10-21 13:41:06,894 - INFO - JavaScript注入结果: 点击监听器已启动
2025-10-21 13:41:09,518 - INFO - 成功检测到元素: 模拟_买跌
2025-10-21 13:41:09,545 - INFO - 标签: DIV
2025-10-21 13:41:09,550 - INFO - ID: 
2025-10-21 13:41:09,557 - INFO - Class: btn green_bg
2025-10-21 13:41:09,563 - INFO - 文本: 买跌26238
2025-10-21 13:41:09,587 - INFO - XPath: id("Trade")/DIV[3]/DIV[2]/DIV[1]/DIV[2]/DIV[7]/DIV[2]
2025-10-21 13:41:09,628 - INFO - CSS Path: html > body > div > div > div.trade_main > div.tradeOrder > div.order_box > div.order_info > div.btn_box > div.btn.green_bg
2025-10-21 13:41:09,640 - INFO - 停止检测
2025-10-21 13:41:19,877 - INFO - 开始检测元素: 模拟_买跌_确认
2025-10-21 13:41:19,885 - INFO - 请在浏览器中点击要检测的元素...
2025-10-21 13:41:19,899 - INFO - JavaScript注入结果: 点击监听器已启动
2025-10-21 13:41:21,493 - INFO - 成功检测到元素: 模拟_买跌_确认
2025-10-21 13:41:21,529 - INFO - 标签: DIV
2025-10-21 13:41:21,533 - INFO - ID: 
2025-10-21 13:41:21,537 - INFO - Class: 
2025-10-21 13:41:21,542 - INFO - 文本: 确认
2025-10-21 13:41:21,563 - INFO - XPath: BODY/DIV[7]/DIV[1]/DIV[2]/DIV[1]/DIV[2]/DIV[2]/DIV[5]/DIV[2]
2025-10-21 13:41:21,611 - INFO - CSS Path: html > body > div > div.ant-modal-root > div.ant-modal-wrap. > div.ant-modal.order_confirm > div.ant-modal-content > div.ant-modal-body > div.btn_box > div
2025-10-21 13:41:21,620 - INFO - 停止检测
2025-10-21 13:41:59,118 - INFO - 开始检测元素: 数量1
2025-10-21 13:41:59,124 - INFO - 请在浏览器中点击要检测的元素...
2025-10-21 13:41:59,135 - INFO - JavaScript注入结果: 点击监听器已启动
2025-10-21 13:41:59,178 - INFO - 成功检测到元素: 数量1
2025-10-21 13:41:59,183 - INFO - 标签: DIV
2025-10-21 13:41:59,189 - INFO - ID: 
2025-10-21 13:41:59,194 - INFO - Class: 
2025-10-21 13:41:59,200 - INFO - 文本: 实盘
2025-10-21 13:41:59,219 - INFO - XPath: id("Trade")/DIV[2]/DIV[2]/DIV[4]/DIV[1]
2025-10-21 13:41:59,246 - INFO - CSS Path: html > body > div > div > div.trade_blc > div.blc_info > div.switch_btn > div
2025-10-21 13:41:59,261 - INFO - 停止检测
2025-10-21 13:42:00,512 - INFO - 开始检测元素: 数量1
2025-10-21 13:42:00,520 - INFO - 请在浏览器中点击要检测的元素...
2025-10-21 13:42:00,531 - INFO - JavaScript注入结果: 点击监听器已启动
2025-10-21 13:42:02,375 - INFO - 成功检测到元素: 数量1
2025-10-21 13:42:02,404 - INFO - 标签: DIV
2025-10-21 13:42:02,410 - INFO - ID: 
2025-10-21 13:42:02,415 - INFO - Class: 
2025-10-21 13:42:02,419 - INFO - 文本: 1
2025-10-21 13:42:02,441 - INFO - XPath: id("Trade")/DIV[3]/DIV[2]/DIV[1]/DIV[2]/DIV[3]/DIV[1]/DIV[1]
2025-10-21 13:42:02,491 - INFO - CSS Path: html > body > div > div > div.trade_main > div.tradeOrder > div.order_box > div.order_info > div.line.two > div.volume > div
2025-10-21 13:42:02,501 - INFO - 停止检测
2025-10-21 13:42:07,497 - INFO - 开始检测元素: 数量2
2025-10-21 13:42:07,503 - INFO - 请在浏览器中点击要检测的元素...
2025-10-21 13:42:07,513 - INFO - JavaScript注入结果: 点击监听器已启动
2025-10-21 13:42:09,072 - INFO - 成功检测到元素: 数量2
2025-10-21 13:42:09,106 - INFO - 标签: DIV
2025-10-21 13:42:09,112 - INFO - ID: 
2025-10-21 13:42:09,116 - INFO - Class: 
2025-10-21 13:42:09,122 - INFO - 文本: 2
2025-10-21 13:42:09,147 - INFO - XPath: id("Trade")/DIV[3]/DIV[2]/DIV[1]/DIV[2]/DIV[3]/DIV[1]/DIV[2]
2025-10-21 13:42:09,196 - INFO - CSS Path: html > body > div > div > div.trade_main > div.tradeOrder > div.order_box > div.order_info > div.line.two > div.volume > div
2025-10-21 13:42:09,204 - INFO - 停止检测
2025-10-21 13:42:12,189 - INFO - 开始检测元素: 数量3
2025-10-21 13:42:12,197 - INFO - 请在浏览器中点击要检测的元素...
2025-10-21 13:42:12,219 - INFO - JavaScript注入结果: 点击监听器已启动
2025-10-21 13:42:13,614 - INFO - 成功检测到元素: 数量3
2025-10-21 13:42:13,644 - INFO - 标签: DIV
2025-10-21 13:42:13,647 - INFO - ID: 
2025-10-21 13:42:13,650 - INFO - Class: 
2025-10-21 13:42:13,654 - INFO - 文本: 3
2025-10-21 13:42:13,671 - INFO - XPath: id("Trade")/DIV[3]/DIV[2]/DIV[1]/DIV[2]/DIV[3]/DIV[1]/DIV[3]
2025-10-21 13:42:13,710 - INFO - CSS Path: html > body > div > div > div.trade_main > div.tradeOrder > div.order_box > div.order_info > div.line.two > div.volume > div
2025-10-21 13:42:13,718 - INFO - 停止检测
2025-10-21 13:42:16,673 - INFO - 开始检测元素: 数量4
2025-10-21 13:42:16,679 - INFO - 请在浏览器中点击要检测的元素...
2025-10-21 13:42:16,691 - INFO - JavaScript注入结果: 点击监听器已启动
2025-10-21 13:42:19,287 - INFO - 成功检测到元素: 数量4
2025-10-21 13:42:19,291 - INFO - 标签: DIV
2025-10-21 13:42:19,295 - INFO - ID: 
2025-10-21 13:42:19,299 - INFO - Class: 
2025-10-21 13:42:19,302 - INFO - 文本: 5
2025-10-21 13:42:19,320 - INFO - XPath: id("Trade")/DIV[3]/DIV[2]/DIV[1]/DIV[2]/DIV[3]/DIV[1]/DIV[4]
2025-10-21 13:42:19,357 - INFO - CSS Path: html > body > div > div > div.trade_main > div.tradeOrder > div.order_box > div.order_info > div.line.two > div.volume > div
2025-10-21 13:42:19,365 - INFO - 停止检测
2025-10-21 13:42:23,372 - INFO - 开始检测元素: 数量5
2025-10-21 13:42:23,382 - INFO - 请在浏览器中点击要检测的元素...
2025-10-21 13:42:23,398 - INFO - JavaScript注入结果: 点击监听器已启动
2025-10-21 13:42:25,113 - INFO - 成功检测到元素: 数量5
2025-10-21 13:42:25,145 - INFO - 标签: DIV
2025-10-21 13:42:25,151 - INFO - ID: 
2025-10-21 13:42:25,156 - INFO - Class: 
2025-10-21 13:42:25,160 - INFO - 文本: 8
2025-10-21 13:42:25,177 - INFO - XPath: id("Trade")/DIV[3]/DIV[2]/DIV[1]/DIV[2]/DIV[3]/DIV[1]/DIV[5]
2025-10-21 13:42:25,229 - INFO - CSS Path: html > body > div > div > div.trade_main > div.tradeOrder > div.order_box > div.order_info > div.line.two > div.volume > div
2025-10-21 13:42:25,240 - INFO - 停止检测
2025-10-21 13:42:27,985 - INFO - 开始检测元素: 数量6
2025-10-21 13:42:27,992 - INFO - 请在浏览器中点击要检测的元素...
2025-10-21 13:42:28,001 - INFO - JavaScript注入结果: 点击监听器已启动
2025-10-21 13:42:29,570 - INFO - 成功检测到元素: 数量6
2025-10-21 13:42:29,601 - INFO - 标签: DIV
2025-10-21 13:42:29,606 - INFO - ID: 
2025-10-21 13:42:29,611 - INFO - Class: 
2025-10-21 13:42:29,616 - INFO - 文本: 10
2025-10-21 13:42:29,636 - INFO - XPath: id("Trade")/DIV[3]/DIV[2]/DIV[1]/DIV[2]/DIV[3]/DIV[1]/DIV[6]
2025-10-21 13:42:29,674 - INFO - CSS Path: html > body > div > div > div.trade_main > div.tradeOrder > div.order_box > div.order_info > div.line.two > div.volume > div
2025-10-21 13:42:29,681 - INFO - 停止检测
2025-10-21 13:42:37,170 - INFO - 开始检测元素: 保证金
2025-10-21 13:42:37,176 - INFO - 请在浏览器中点击要检测的元素...
2025-10-21 13:42:37,185 - INFO - JavaScript注入结果: 点击监听器已启动
2025-10-21 13:42:39,468 - INFO - 成功检测到元素: 保证金
2025-10-21 13:42:39,476 - INFO - 标签: DIV
2025-10-21 13:42:39,557 - INFO - ID: 
2025-10-21 13:42:39,563 - INFO - Class: 
2025-10-21 13:42:39,570 - INFO - 文本: 2700
2025-10-21 13:42:39,590 - INFO - XPath: id("Trade")/DIV[3]/DIV[2]/DIV[1]/DIV[2]/DIV[4]/DIV[1]/DIV[1]
2025-10-21 13:42:39,634 - INFO - CSS Path: html > body > div > div > div.trade_main > div.tradeOrder > div.order_box > div.order_info > div.line.two > div.volume.stopLoss > div
2025-10-21 13:42:39,649 - INFO - 停止检测
2025-10-21 13:42:45,395 - INFO - 开始检测元素: 保证金1
2025-10-21 13:42:45,402 - INFO - 请在浏览器中点击要检测的元素...
2025-10-21 13:42:45,413 - INFO - JavaScript注入结果: 点击监听器已启动
2025-10-21 13:42:49,376 - INFO - 成功检测到元素: 保证金1
2025-10-21 13:42:49,388 - INFO - 标签: DIV
2025-10-21 13:42:49,393 - INFO - ID: 
2025-10-21 13:42:49,429 - INFO - Class: active
2025-10-21 13:42:49,436 - INFO - 文本: 2700
2025-10-21 13:42:49,460 - INFO - XPath: id("Trade")/DIV[3]/DIV[2]/DIV[1]/DIV[2]/DIV[4]/DIV[1]/DIV[1]
2025-10-21 13:42:49,502 - INFO - CSS Path: html > body > div > div > div.trade_main > div.tradeOrder > div.order_box > div.order_info > div.line.two > div.volume.stopLoss > div.active
2025-10-21 13:42:49,510 - INFO - 停止检测
2025-10-21 13:42:52,066 - INFO - 开始检测元素: 保证金2
2025-10-21 13:42:52,073 - INFO - 请在浏览器中点击要检测的元素...
2025-10-21 13:42:52,084 - INFO - JavaScript注入结果: 点击监听器已启动
2025-10-21 13:42:53,662 - INFO - 成功检测到元素: 保证金2
2025-10-21 13:42:53,693 - INFO - 标签: DIV
2025-10-21 13:42:53,696 - INFO - ID: 
2025-10-21 13:42:53,700 - INFO - Class: 
2025-10-21 13:42:53,708 - INFO - 文本: 4050
2025-10-21 13:42:53,725 - INFO - XPath: id("Trade")/DIV[3]/DIV[2]/DIV[1]/DIV[2]/DIV[4]/DIV[1]/DIV[2]
2025-10-21 13:42:53,765 - INFO - CSS Path: html > body > div > div > div.trade_main > div.tradeOrder > div.order_box > div.order_info > div.line.two > div.volume.stopLoss > div
2025-10-21 13:42:53,779 - INFO - 停止检测
2025-10-21 13:42:56,482 - INFO - 开始检测元素: 保证金3
2025-10-21 13:42:56,488 - INFO - 请在浏览器中点击要检测的元素...
2025-10-21 13:42:56,497 - INFO - JavaScript注入结果: 点击监听器已启动
2025-10-21 13:42:58,144 - INFO - 成功检测到元素: 保证金3
2025-10-21 13:42:58,169 - INFO - 标签: DIV
2025-10-21 13:42:58,173 - INFO - ID: 
2025-10-21 13:42:58,177 - INFO - Class: 
2025-10-21 13:42:58,182 - INFO - 文本: 5850
2025-10-21 13:42:58,201 - INFO - XPath: id("Trade")/DIV[3]/DIV[2]/DIV[1]/DIV[2]/DIV[4]/DIV[1]/DIV[3]
2025-10-21 13:42:58,240 - INFO - CSS Path: html > body > div > div > div.trade_main > div.tradeOrder > div.order_box > div.order_info > div.line.two > div.volume.stopLoss > div
2025-10-21 13:42:58,250 - INFO - 停止检测
2025-10-21 13:43:00,476 - INFO - 开始检测元素: 保证金4
2025-10-21 13:43:00,481 - INFO - 请在浏览器中点击要检测的元素...
2025-10-21 13:43:00,492 - INFO - JavaScript注入结果: 点击监听器已启动
2025-10-21 13:43:01,768 - INFO - 成功检测到元素: 保证金4
2025-10-21 13:43:01,774 - INFO - 标签: DIV
2025-10-21 13:43:01,804 - INFO - ID: 
2025-10-21 13:43:01,809 - INFO - Class: 
2025-10-21 13:43:01,815 - INFO - 文本: 8100
2025-10-21 13:43:01,836 - INFO - XPath: id("Trade")/DIV[3]/DIV[2]/DIV[1]/DIV[2]/DIV[4]/DIV[1]/DIV[4]
2025-10-21 13:43:01,881 - INFO - CSS Path: html > body > div > div > div.trade_main > div.tradeOrder > div.order_box > div.order_info > div.line.two > div.volume.stopLoss > div
2025-10-21 13:43:01,890 - INFO - 停止检测
2025-10-21 13:44:25,973 - INFO - 对照表已保存到: mexc_element_map_1757729194.json
2025-10-21 13:44:25,981 - INFO - 保存了 35 个元素
2025-10-21 13:46:04,559 - INFO - 开始检测元素: 模拟_一键平仓
2025-10-21 13:46:04,566 - INFO - 请在浏览器中点击要检测的元素...
2025-10-21 13:46:04,577 - INFO - JavaScript注入结果: 点击监听器已启动
2025-10-21 13:46:04,599 - INFO - 成功检测到元素: 模拟_一键平仓
2025-10-21 13:46:04,605 - INFO - 标签: DIV
2025-10-21 13:46:04,608 - INFO - ID: 
2025-10-21 13:46:04,613 - INFO - Class: 
2025-10-21 13:46:04,637 - INFO - 文本: 模拟
2025-10-21 13:46:04,649 - INFO - XPath: id("Trade")/DIV[2]/DIV[2]/DIV[4]/DIV[2]
2025-10-21 13:46:04,671 - INFO - CSS Path: html > body > div > div > div.trade_blc > div.blc_info > div.switch_btn > div
2025-10-21 13:46:04,678 - INFO - 停止检测
2025-10-21 13:46:05,257 - INFO - 开始检测元素: 模拟_一键平仓
2025-10-21 13:46:05,264 - INFO - 请在浏览器中点击要检测的元素...
2025-10-21 13:46:05,272 - INFO - JavaScript注入结果: 点击监听器已启动
2025-10-21 13:46:07,238 - INFO - 成功检测到元素: 模拟_一键平仓
2025-10-21 13:46:07,261 - INFO - 标签: DIV
2025-10-21 13:46:07,268 - INFO - ID: 
2025-10-21 13:46:07,272 - INFO - Class: sell
2025-10-21 13:46:07,276 - INFO - 文本: 一键平仓
2025-10-21 13:46:07,297 - INFO - XPath: id("Trade")/DIV[3]/DIV[1]/DIV[2]/DIV[1]/DIV[2]/DIV[2]
2025-10-21 13:46:07,337 - INFO - CSS Path: html > body > div > div > div.trade_main > div.trade_info > div.position > div.position_head > div.sellAll > div.sell
2025-10-21 13:46:07,346 - INFO - 停止检测
2025-10-21 13:46:24,553 - INFO - 开始检测元素: 一键平仓
2025-10-21 13:46:24,559 - INFO - 请在浏览器中点击要检测的元素...
2025-10-21 13:46:24,569 - INFO - JavaScript注入结果: 点击监听器已启动
2025-10-21 13:46:24,586 - INFO - 成功检测到元素: 一键平仓
2025-10-21 13:46:24,605 - INFO - 标签: DIV
2025-10-21 13:46:24,609 - INFO - ID: 
2025-10-21 13:46:24,613 - INFO - Class: 
2025-10-21 13:46:24,617 - INFO - 文本: 实盘
2025-10-21 13:46:24,627 - INFO - XPath: id("Trade")/DIV[2]/DIV[2]/DIV[4]/DIV[1]
2025-10-21 13:46:24,654 - INFO - CSS Path: html > body > div > div > div.trade_blc > div.blc_info > div.switch_btn > div
2025-10-21 13:46:24,661 - INFO - 停止检测
2025-10-21 13:46:25,210 - INFO - 开始检测元素: 一键平仓
2025-10-21 13:46:25,217 - INFO - 请在浏览器中点击要检测的元素...
2025-10-21 13:46:25,226 - INFO - JavaScript注入结果: 点击监听器已启动
2025-10-21 13:46:28,090 - INFO - 成功检测到元素: 一键平仓
2025-10-21 13:46:28,114 - INFO - 标签: DIV
2025-10-21 13:46:28,118 - INFO - ID: 
2025-10-21 13:46:28,122 - INFO - Class: sell
2025-10-21 13:46:28,129 - INFO - 文本: 一键平仓
2025-10-21 13:46:28,147 - INFO - XPath: id("Trade")/DIV[3]/DIV[1]/DIV[2]/DIV[1]/DIV[2]/DIV[2]
2025-10-21 13:46:28,178 - INFO - CSS Path: html > body > div > div > div.trade_main > div.trade_info > div.position > div.position_head > div.sellAll > div.sell
2025-10-21 13:46:28,186 - INFO - 停止检测
2025-10-21 13:46:55,580 - INFO - 对照表已保存到: mexc_element_map_1757729194.json
2025-10-21 13:46:55,591 - INFO - 保存了 37 个元素
2025-10-21 14:01:34,464 - INFO - 浏览器已关闭
2025-10-21 15:13:45,205 - INFO - 已加载对照表: mexc_element_map_1757729194.json
2025-10-21 15:13:45,218 - INFO - 加载了 37 个元素
2025-10-21 15:13:45,280 - INFO - 已加载浏览器配置: binary=C:\Users\Administrator\AppData\Local\Google\Chrome\Application\chrome.exe, user_data_dir=C:\Users\Administrator\AppData\Local\Google\Chrome\User Data, profile=Default, debug=127.0.0.1:9222
2025-10-21 15:13:45,307 - INFO - 未找到 weex_cookie_header.txt 或 mexc_cookies.json，将以未登录方式打开页面
2025-10-21 15:13:56,189 - INFO - 已附着到现有Chrome调试端口 127.0.0.1:9222，复用当前已登录页面: https://fk.crkpk.com/trade/MHI
2025-10-21 15:14:29,295 - INFO - 开始检测元素: 模拟_买跌_确认
2025-10-21 15:14:29,305 - INFO - 请在浏览器中点击要检测的元素...
2025-10-21 15:14:29,325 - INFO - JavaScript注入结果: 点击监听器已启动
2025-10-21 15:14:29,348 - INFO - 成功检测到元素: 模拟_买跌_确认
2025-10-21 15:14:29,404 - INFO - 标签: DIV
2025-10-21 15:14:29,408 - INFO - ID: 
2025-10-21 15:14:29,416 - INFO - Class: btn green_bg
2025-10-21 15:14:29,423 - INFO - 文本: 买跌26123
2025-10-21 15:14:29,443 - INFO - XPath: id("Trade")/DIV[3]/DIV[2]/DIV[1]/DIV[2]/DIV[7]/DIV[2]
2025-10-21 15:14:29,477 - INFO - CSS Path: html > body > div > div > div.trade_main > div.tradeOrder > div.order_box > div.order_info > div.btn_box > div.btn.green_bg
2025-10-21 15:14:29,488 - INFO - 停止检测
2025-10-21 15:14:30,611 - INFO - 开始检测元素: 模拟_买跌_确认
2025-10-21 15:14:30,619 - INFO - 请在浏览器中点击要检测的元素...
2025-10-21 15:14:30,628 - INFO - JavaScript注入结果: 点击监听器已启动
2025-10-21 15:14:34,196 - INFO - 成功检测到元素: 模拟_买跌_确认
2025-10-21 15:14:34,201 - INFO - 标签: DIV
2025-10-21 15:14:34,208 - INFO - ID: 
2025-10-21 15:14:34,212 - INFO - Class: 
2025-10-21 15:14:34,216 - INFO - 文本: 确认
2025-10-21 15:14:34,235 - INFO - XPath: BODY/DIV[9]/DIV[1]/DIV[2]/DIV[1]/DIV[2]/DIV[2]/DIV[5]/DIV[2]
2025-10-21 15:14:34,294 - INFO - CSS Path: html > body > div > div.ant-modal-root > div.ant-modal-wrap. > div.ant-modal.order_confirm > div.ant-modal-content > div.ant-modal-body > div.btn_box > div
2025-10-21 15:14:34,303 - INFO - 停止检测
2025-10-21 15:14:40,804 - INFO - 对照表已保存到: mexc_element_map_1757729194.json
2025-10-21 15:14:40,809 - INFO - 保存了 37 个元素
2025-10-21 15:15:36,762 - INFO - 开始检测元素: 模拟_买涨_确认
2025-10-21 15:15:36,769 - INFO - 请在浏览器中点击要检测的元素...
2025-10-21 15:15:36,780 - INFO - JavaScript注入结果: 点击监听器已启动
2025-10-21 15:15:36,812 - INFO - 成功检测到元素: 模拟_买涨_确认
2025-10-21 15:15:36,855 - INFO - 标签: SPAN
2025-10-21 15:15:36,861 - INFO - ID: 
2025-10-21 15:15:36,871 - INFO - Class: 
2025-10-21 15:15:36,878 - INFO - 文本: 买涨
2025-10-21 15:15:36,903 - INFO - XPath: id("Trade")/DIV[3]/DIV[2]/DIV[1]/DIV[2]/DIV[7]/DIV[1]/SPAN[1]
2025-10-21 15:15:36,945 - INFO - CSS Path: html > body > div > div > div.trade_main > div.tradeOrder > div.order_box > div.order_info > div.btn_box > div.btn.red_bg > span
2025-10-21 15:15:36,957 - INFO - 停止检测
2025-10-21 15:15:37,514 - INFO - 开始检测元素: 模拟_买涨_确认
2025-10-21 15:15:37,521 - INFO - 请在浏览器中点击要检测的元素...
2025-10-21 15:15:37,528 - INFO - JavaScript注入结果: 点击监听器已启动
2025-10-21 15:15:40,992 - INFO - 成功检测到元素: 模拟_买涨_确认
2025-10-21 15:15:41,019 - INFO - 标签: DIV
2025-10-21 15:15:41,024 - INFO - ID: 
2025-10-21 15:15:41,029 - INFO - Class: 
2025-10-21 15:15:41,035 - INFO - 文本: 确认
2025-10-21 15:15:41,055 - INFO - XPath: BODY/DIV[9]/DIV[1]/DIV[2]/DIV[1]/DIV[2]/DIV[2]/DIV[5]/DIV[2]
2025-10-21 15:15:41,101 - INFO - CSS Path: html > body > div > div.ant-modal-root > div.ant-modal-wrap. > div.ant-modal.order_confirm > div.ant-modal-content > div.ant-modal-body > div.btn_box > div
2025-10-21 15:15:41,109 - INFO - 停止检测
2025-10-21 15:15:45,775 - INFO - 对照表已保存到: mexc_element_map_1757729194.json
2025-10-21 15:15:45,781 - INFO - 保存了 37 个元素
2025-10-21 15:25:41,397 - INFO - 浏览器已关闭
