2025-10-21 14:17:29,978 - INFO - ✅ 已加载元素映射: 37 个元素
2025-10-21 14:17:30,193 - WARNING - There was an error managing chromedriver (error sending request for url (https://googlechromelabs.github.io/chrome-for-testing/known-good-versions-with-downloads.json)); using driver found in the cache
2025-10-21 14:17:30,831 - INFO - 复用当前页面: https://fk.crkpk.com/trade/MHI
2025-10-21 14:17:30,844 - INFO - ✅ 浏览器启动成功，已连接到MHI交易页面
2025-10-21 14:17:30,875 - INFO - ✅ 浏览器启动成功
2025-10-21 14:18:10,174 - INFO - 🔄 开始买涨操作 - 手数:1, 保证金:2700
2025-10-21 14:18:10,382 - INFO - 🔄 开始买涨操作 - 手数:1, 保证金:2700
2025-10-21 14:18:10,384 - INFO - 🔄 设置手数: 1
2025-10-21 14:18:10,386 - INFO - ❌ 元素对照表中未找到'1手'
2025-10-21 14:18:10,404 - INFO - ❌ 买涨操作失败
2025-10-21 14:19:36,024 - INFO - 🔄 切换交易模式: 模拟
2025-10-21 14:19:36,032 - INFO - ❌ 元素对照表中未找到'模拟模式'
2025-10-21 14:19:36,032 - INFO - ❌ 切换模拟模式失败
2025-10-21 14:22:46,862 - INFO - ✅ 浏览器已关闭
2025-10-21 14:22:46,863 - INFO - ✅ 浏览器已关闭
2025-10-21 14:49:50,924 - INFO - ✅ 已加载元素映射: 37 个元素
2025-10-21 14:49:52,103 - INFO - 复用当前页面: https://fk.crkpk.com/trade/MHI
2025-10-21 14:49:52,119 - INFO - ✅ 浏览器启动成功，已连接到MHI交易页面
2025-10-21 14:49:52,134 - INFO - ✅ 浏览器启动成功
2025-10-21 14:50:10,852 - INFO - 🔄 切换交易模式: 实盘
2025-10-21 14:50:11,084 - INFO - ✅ 点击实盘模式
2025-10-21 14:50:12,613 - INFO - ✅ 已切换到实盘模式
2025-10-21 14:50:12,614 - INFO - ✅ 已切换到实盘模式
2025-10-21 14:50:15,257 - INFO - 🔄 切换交易模式: 模拟
2025-10-21 14:50:15,348 - INFO - ✅ 点击模拟模式
2025-10-21 14:50:16,854 - INFO - ✅ 已切换到模拟模式
2025-10-21 14:50:16,860 - INFO - ✅ 已切换到模拟模式
2025-10-21 14:50:38,185 - INFO - 🔄 开始买涨操作 - 手数:1, 保证金:2700
2025-10-21 14:50:38,201 - INFO - 🔄 开始买涨操作 - 手数:1, 保证金:2700
2025-10-21 14:50:38,201 - INFO - 🔄 设置手数: 1
2025-10-21 14:50:38,303 - INFO - ✅ 点击1手
2025-10-21 14:50:39,319 - INFO - ✅ 已设置1手
2025-10-21 14:50:39,321 - INFO - 🔄 设置保证金: 2700
2025-10-21 14:50:39,322 - INFO - ❌ 元素对照表中未找到'保证金2700'
2025-10-21 14:50:39,341 - INFO - ❌ 买涨操作失败
2025-10-21 14:56:24,025 - INFO - ✅ 浏览器已关闭
2025-10-21 14:56:24,027 - INFO - ✅ 浏览器已关闭
2025-10-21 15:11:54,613 - INFO - ✅ 已加载元素映射: 37 个元素
2025-10-21 15:11:55,874 - INFO - 复用当前页面: https://fk.crkpk.com/trade/MHI
2025-10-21 15:11:55,894 - INFO - ✅ 浏览器启动成功，已连接到MHI交易页面
2025-10-21 15:11:55,910 - INFO - ✅ 浏览器启动成功
2025-10-21 15:12:05,879 - INFO - 🔄 切换交易模式: 实盘
2025-10-21 15:12:06,070 - INFO - ✅ 点击实盘模式
2025-10-21 15:12:07,763 - INFO - ✅ 点击市价
2025-10-21 15:12:09,283 - INFO - ✅ 已切换到实盘模式
2025-10-21 15:12:09,284 - INFO - ✅ 已切换到实盘模式
2025-10-21 15:12:22,978 - INFO - 🔄 切换交易模式: 模拟
2025-10-21 15:12:23,084 - INFO - ✅ 点击模拟模式
2025-10-21 15:12:24,606 - INFO - ✅ 已切换到模拟模式
2025-10-21 15:12:24,608 - INFO - ✅ 已切换到模拟模式
2025-10-21 15:12:42,443 - INFO - 🔄 开始买跌操作 - 手数:1, 保证金:2700
2025-10-21 15:12:42,458 - INFO - 🔄 开始买跌操作 - 手数:1, 保证金:2700
2025-10-21 15:12:42,459 - INFO - 🔄 设置手数: 1
2025-10-21 15:12:42,549 - INFO - ✅ 点击1手
2025-10-21 15:12:43,578 - INFO - ✅ 已设置1手
2025-10-21 15:12:43,581 - INFO - 🔄 设置保证金: 2700
2025-10-21 15:12:43,757 - INFO - ✅ 点击保证金2700
2025-10-21 15:12:44,784 - INFO - ✅ 已设置保证金2700
2025-10-21 15:12:44,896 - INFO - ✅ 点击买跌
2025-10-21 15:12:47,434 - INFO - ❌ 点击模拟_买跌_确认失败: Message: no such element: Unable to locate element: {"method":"xpath","selector":"BODY/DIV[7]/DIV[1]/DIV[2]/DIV[1]/DIV[2]/DIV[2]/DIV[5]/DIV[2]"}
  (Session info: chrome=143.0.7461.3); For documentation on this error, please visit: https://www.selenium.dev/documentation/webdriver/troubleshooting/errors#no-such-element-exception
Stacktrace:
Symbols not available. Dumping unresolved backtrace:
	0x7ff6dd579f45
	0x7ff6dd579fa0
	0x7ff6dd31ea8d
	0x7ff6dd376df3
	0x7ff6dd3770fc
	0x7ff6dd3cb107
	0x7ff6dd3c7eb7
	0x7ff6dd367eca
	0x7ff6dd368d33
	0x7ff6dd85a640
	0x7ff6dd854c2b
	0x7ff6dd8758a6
	0x7ff6dd595124
	0x7ff6dd59c5dc
	0x7ff6dd5831f4
	0x7ff6dd5833a5
	0x7ff6dd569232
	0x7ffebd867614
	0x7ffebdc626a1

2025-10-21 15:12:47,468 - INFO - ✅ 买跌操作完成
2025-10-21 15:12:47,471 - INFO - ✅ 买跌操作完成
2025-10-21 15:14:53,762 - INFO - 🔄 开始买涨操作 - 手数:1, 保证金:2700
2025-10-21 15:14:53,767 - INFO - 🔄 开始买涨操作 - 手数:1, 保证金:2700
2025-10-21 15:14:53,784 - INFO - 🔄 设置手数: 1
2025-10-21 15:14:53,885 - INFO - ✅ 点击1手
2025-10-21 15:14:54,900 - INFO - ✅ 已设置1手
2025-10-21 15:14:54,920 - INFO - 🔄 设置保证金: 2700
2025-10-21 15:14:55,015 - INFO - ✅ 点击保证金2700
2025-10-21 15:14:56,037 - INFO - ✅ 已设置保证金2700
2025-10-21 15:14:56,198 - INFO - ✅ 点击买涨
2025-10-21 15:14:58,728 - INFO - ❌ 点击模拟_买涨_确认失败: Message: no such element: Unable to locate element: {"method":"xpath","selector":"BODY/DIV[7]/DIV[1]/DIV[2]/DIV[1]/DIV[2]/DIV[2]/DIV[5]/DIV[2]"}
  (Session info: chrome=143.0.7461.3); For documentation on this error, please visit: https://www.selenium.dev/documentation/webdriver/troubleshooting/errors#no-such-element-exception
Stacktrace:
Symbols not available. Dumping unresolved backtrace:
	0x7ff6dd579f45
	0x7ff6dd579fa0
	0x7ff6dd31ea8d
	0x7ff6dd376df3
	0x7ff6dd3770fc
	0x7ff6dd3cb107
	0x7ff6dd3c7eb7
	0x7ff6dd367eca
	0x7ff6dd368d33
	0x7ff6dd85a640
	0x7ff6dd854c2b
	0x7ff6dd8758a6
	0x7ff6dd595124
	0x7ff6dd59c5dc
	0x7ff6dd5831f4
	0x7ff6dd5833a5
	0x7ff6dd569232
	0x7ffebd867614
	0x7ffebdc626a1

2025-10-21 15:14:58,770 - INFO - ✅ 买涨操作完成
2025-10-21 15:14:58,808 - INFO - ✅ 买涨操作完成
2025-10-21 15:16:43,458 - INFO - 🔄 执行一键平仓
2025-10-21 15:16:43,482 - INFO - 🔄 执行一键平仓
2025-10-21 15:16:43,590 - INFO - ✅ 点击一键平仓
2025-10-21 15:16:46,111 - INFO - ✅ 一键平仓完成
2025-10-21 15:16:46,133 - INFO - ✅ 一键平仓完成
2025-10-21 15:25:46,710 - INFO - ✅ 浏览器已关闭
2025-10-21 15:25:46,712 - INFO - ✅ 浏览器已关闭
2025-10-21 15:26:32,813 - INFO - ✅ 已加载元素映射: 37 个元素
2025-10-21 15:26:33,975 - INFO - 复用当前页面: https://fk.crkpk.com/trade/MHI
2025-10-21 15:26:33,988 - INFO - ✅ 浏览器启动成功，已连接到MHI交易页面
2025-10-21 15:26:34,003 - INFO - ✅ 浏览器启动成功
2025-10-21 15:26:46,797 - INFO - 🔄 开始买涨操作 - 手数:1, 保证金:2700
2025-10-21 15:26:47,003 - INFO - 🔄 开始买涨操作 - 手数:1, 保证金:2700
2025-10-21 15:26:47,004 - INFO - 🔄 设置手数: 1
2025-10-21 15:26:47,120 - INFO - ✅ 点击1手
2025-10-21 15:26:48,125 - INFO - ✅ 已设置1手
2025-10-21 15:26:48,129 - INFO - 🔄 设置保证金: 2700
2025-10-21 15:26:48,256 - INFO - ✅ 点击保证金2700
2025-10-21 15:26:49,273 - INFO - ✅ 已设置保证金2700
2025-10-21 15:26:49,447 - INFO - ✅ 点击买涨
2025-10-21 15:26:53,016 - INFO - ❌ 点击模拟_买涨_确认失败: Message: no such element: Unable to locate element: {"method":"xpath","selector":"BODY/DIV[9]/DIV[1]/DIV[2]/DIV[1]/DIV[2]/DIV[2]/DIV[5]/DIV[2]"}
  (Session info: chrome=143.0.7461.3); For documentation on this error, please visit: https://www.selenium.dev/documentation/webdriver/troubleshooting/errors#no-such-element-exception
Stacktrace:
Symbols not available. Dumping unresolved backtrace:
	0x7ff6dd579f45
	0x7ff6dd579fa0
	0x7ff6dd31ea8d
	0x7ff6dd376df3
	0x7ff6dd3770fc
	0x7ff6dd3cb107
	0x7ff6dd3c7eb7
	0x7ff6dd367eca
	0x7ff6dd368d33
	0x7ff6dd85a640
	0x7ff6dd854c2b
	0x7ff6dd8758a6
	0x7ff6dd595124
	0x7ff6dd59c5dc
	0x7ff6dd5831f4
	0x7ff6dd5833a5
	0x7ff6dd569232
	0x7ffebd867614
	0x7ffebdc626a1

2025-10-21 15:26:53,746 - INFO - ✅ 确认买涨订单 - 通过文本查找成功
2025-10-21 15:26:53,766 - INFO - ⚠️ 通过文本查找确认按钮失败: Message: stale element reference: stale element not found in the current frame
  (Session info: chrome=143.0.7461.3); For documentation on this error, please visit: https://www.selenium.dev/documentation/webdriver/troubleshooting/errors#stale-element-reference-exception
Stacktrace:
Symbols not available. Dumping unresolved backtrace:
	0x7ff6dd579f45
	0x7ff6dd579fa0
	0x7ff6dd31ea8d
	0x7ff6dd3267ce
	0x7ff6dd329b7e
	0x7ff6dd3c9243
	0x7ff6dd39f39a
	0x7ff6dd3c7eb7
	0x7ff6dd367eca
	0x7ff6dd368d33
	0x7ff6dd85a640
	0x7ff6dd854c2b
	0x7ff6dd8758a6
	0x7ff6dd595124
	0x7ff6dd59c5dc
	0x7ff6dd5831f4
	0x7ff6dd5833a5
	0x7ff6dd569232
	0x7ffebd867614
	0x7ffebdc626a1

2025-10-21 15:26:53,886 - INFO - ⚠️ 确认买涨订单 - 未找到确认按钮，已按ESC关闭弹窗
2025-10-21 15:26:54,887 - INFO - ⚠️ 确认买涨订单 - 未找到确认按钮
2025-10-21 15:26:54,936 - INFO - ✅ 买涨操作完成
2025-10-21 15:26:54,957 - INFO - ✅ 买涨操作完成
2025-10-21 15:41:31,591 - INFO - ✅ 浏览器已关闭
2025-10-21 15:41:31,592 - INFO - ✅ 浏览器已关闭
2025-10-21 15:54:41,562 - INFO - ✅ 已加载元素映射: 37 个元素
2025-10-21 15:54:42,290 - WARNING - There was an error managing chrome (error sending request for url (https://googlechromelabs.github.io/chrome-for-testing/known-good-versions-with-downloads.json): error trying to connect: 远程主机强迫关闭了一个现有的连接。 (os error 10054)); using driver found in the cache
2025-10-21 15:54:42,983 - INFO - 复用当前页面: https://fk.crkpk.com/trade/MHI
2025-10-21 15:54:43,001 - INFO - ✅ 浏览器启动成功，已连接到MHI交易页面
2025-10-21 15:54:43,020 - INFO - ✅ 浏览器启动成功
2025-10-21 15:55:00,263 - INFO - 🔄 开始买涨操作 - 手数:1, 保证金:2700
2025-10-21 15:55:00,463 - INFO - 🔄 开始买涨操作 - 手数:1, 保证金:2700
2025-10-21 15:55:00,463 - INFO - 🔄 设置手数: 1
2025-10-21 15:55:00,566 - INFO - ✅ 点击1手
2025-10-21 15:55:01,584 - INFO - ✅ 已设置1手
2025-10-21 15:55:01,585 - INFO - 🔄 设置保证金: 2700
2025-10-21 15:55:01,698 - INFO - ✅ 点击保证金2700
2025-10-21 15:55:02,725 - INFO - ✅ 已设置保证金2700
2025-10-21 15:55:02,841 - INFO - ✅ 点击买涨
2025-10-21 15:55:05,390 - INFO - ✅ 确认买涨订单 - 通过文本查找成功
2025-10-21 15:55:05,476 - INFO - ⚠️ 确认买涨订单 - 未找到确认按钮，已按ESC关闭弹窗
2025-10-21 15:55:06,482 - INFO - ⚠️ 确认买涨订单 - 未找到确认按钮
2025-10-21 15:55:06,483 - INFO - ✅ 买涨操作完成
2025-10-21 15:55:06,489 - INFO - ✅ 买涨操作完成
2025-10-21 15:55:16,667 - INFO - 🔄 执行一键平仓
2025-10-21 15:55:16,676 - INFO - 🔄 执行一键平仓
2025-10-21 15:55:16,764 - INFO - ✅ 点击一键平仓
2025-10-21 15:55:19,276 - INFO - ✅ 一键平仓完成
2025-10-21 15:55:19,279 - INFO - ✅ 一键平仓完成
2025-10-21 15:55:19,534 - INFO - 🔄 开始买跌操作 - 手数:1, 保证金:2700
2025-10-21 15:55:19,536 - INFO - 🔄 开始买跌操作 - 手数:1, 保证金:2700
2025-10-21 15:55:19,537 - INFO - 🔄 设置手数: 1
2025-10-21 15:55:19,626 - INFO - ✅ 点击1手
2025-10-21 15:55:20,649 - INFO - ✅ 已设置1手
2025-10-21 15:55:20,650 - INFO - 🔄 设置保证金: 2700
2025-10-21 15:55:20,757 - INFO - ✅ 点击保证金2700
2025-10-21 15:55:21,775 - INFO - ✅ 已设置保证金2700
2025-10-21 15:55:21,912 - INFO - ✅ 点击买跌
2025-10-21 15:55:24,422 - INFO - ✅ 确认买跌订单 - 通过文本查找成功
2025-10-21 15:55:24,485 - INFO - ⚠️ 确认买跌订单 - 未找到确认按钮，已按ESC关闭弹窗
2025-10-21 15:55:25,495 - INFO - ⚠️ 确认买跌订单 - 未找到确认按钮
2025-10-21 15:55:25,497 - INFO - ✅ 买跌操作完成
2025-10-21 15:55:25,498 - INFO - ✅ 买跌操作完成
2025-10-21 15:55:34,188 - INFO - 🔄 执行一键平仓
2025-10-21 15:55:34,189 - INFO - 🔄 执行一键平仓
2025-10-21 15:55:34,268 - INFO - ✅ 点击一键平仓
2025-10-21 15:55:36,780 - INFO - ✅ 一键平仓完成
2025-10-21 15:55:36,782 - INFO - ✅ 一键平仓完成
2025-10-22 06:59:44,271 - INFO - ✅ 浏览器已关闭
2025-10-22 06:59:44,272 - INFO - ✅ 浏览器已关闭
2025-10-22 21:17:26,871 - INFO - ✅ 已加载元素映射: 37 个元素
2025-10-22 21:17:27,981 - WARNING - There was an error managing chrome (error sending request for url (https://googlechromelabs.github.io/chrome-for-testing/known-good-versions-with-downloads.json): error trying to connect: 远程主机强迫关闭了一个现有的连接。 (os error 10054)); using driver found in the cache
2025-10-22 21:18:31,466 - INFO - ❌ 启动浏览器失败: Message: session not created: cannot connect to chrome at 127.0.0.1:9222
from chrome not reachable
Stacktrace:
Symbols not available. Dumping unresolved backtrace:
	0x7ff6dd579f45
	0x7ff6dd579fa0
	0x7ff6dd31e895
	0x7ff6dd30f5fe
	0x7ff6dd3633d0
	0x7ff6dd358372
	0x7ff6dd3ad426
	0x7ff6dd3acca6
	0x7ff6dd367eca
	0x7ff6dd368d33
	0x7ff6dd85a640
	0x7ff6dd854c2b
	0x7ff6dd8758a6
	0x7ff6dd595124
	0x7ff6dd59c5dc
	0x7ff6dd5831f4
	0x7ff6dd5833a5
	0x7ff6dd569232
	0x7ffebd867614
	0x7ffebdc626a1

2025-10-22 21:18:35,538 - INFO - ❌ 浏览器启动失败
2025-10-22 21:19:51,189 - INFO - ✅ 已加载元素映射: 37 个元素
2025-10-22 21:19:52,168 - WARNING - There was an error managing chrome (error sending request for url (https://googlechromelabs.github.io/chrome-for-testing/known-good-versions-with-downloads.json): error trying to connect: 远程主机强迫关闭了一个现有的连接。 (os error 10054)); using driver found in the cache
2025-10-22 21:20:02,605 - INFO - 🔄 切换交易模式: 模拟
2025-10-22 21:20:02,810 - INFO - ❌ 点击模拟失败: 'NoneType' object has no attribute 'find_element'
2025-10-22 21:20:02,816 - INFO - ❌ 切换模拟模式失败
2025-10-22 21:20:07,885 - INFO - 🔄 切换交易模式: 实盘
2025-10-22 21:20:07,889 - INFO - ❌ 点击实盘失败: 'NoneType' object has no attribute 'find_element'
2025-10-22 21:20:07,889 - INFO - ❌ 切换实盘模式失败
2025-10-22 21:20:10,532 - INFO - ✅ 浏览器已关闭
2025-10-22 21:20:14,662 - INFO - ✅ 已加载元素映射: 37 个元素
2025-10-22 21:20:15,622 - WARNING - There was an error managing chrome (error sending request for url (https://googlechromelabs.github.io/chrome-for-testing/known-good-versions-with-downloads.json): error trying to connect: 远程主机强迫关闭了一个现有的连接。 (os error 10054)); using driver found in the cache
2025-10-22 21:20:20,636 - INFO - 🔄 切换交易模式: 模拟
2025-10-22 21:20:20,637 - INFO - ❌ 点击模拟失败: 'NoneType' object has no attribute 'find_element'
2025-10-22 21:20:20,637 - INFO - ❌ 切换模拟模式失败
2025-10-22 21:20:29,924 - INFO - ✅ 浏览器已关闭
2025-10-22 21:21:02,903 - INFO - ✅ 已加载元素映射: 37 个元素
2025-10-22 21:21:03,845 - WARNING - There was an error managing chrome (error sending request for url (https://googlechromelabs.github.io/chrome-for-testing/known-good-versions-with-downloads.json): error trying to connect: 远程主机强迫关闭了一个现有的连接。 (os error 10054)); using driver found in the cache
2025-10-22 21:21:16,878 - INFO - 🔄 切换交易模式: 模拟
2025-10-22 21:21:17,071 - INFO - ❌ 点击模拟失败: 'NoneType' object has no attribute 'find_element'
2025-10-22 21:21:17,084 - INFO - ❌ 切换模拟模式失败
2025-10-22 21:21:44,519 - INFO - ✅ 已加载元素映射: 37 个元素
2025-10-22 21:21:45,425 - WARNING - There was an error managing chrome (error sending request for url (https://googlechromelabs.github.io/chrome-for-testing/known-good-versions-with-downloads.json): error trying to connect: 远程主机强迫关闭了一个现有的连接。 (os error 10054)); using driver found in the cache
2025-10-22 21:21:55,564 - INFO - 🔄 切换交易模式: 模拟
2025-10-22 21:21:55,754 - INFO - ❌ 点击模拟失败: 'NoneType' object has no attribute 'find_element'
2025-10-22 21:21:55,766 - INFO - ❌ 切换模拟模式失败
2025-10-22 21:22:04,812 - INFO - ✅ 浏览器已关闭
2025-10-22 21:22:11,624 - INFO - ✅ 已加载元素映射: 37 个元素
2025-10-22 21:22:12,570 - WARNING - There was an error managing chrome (error sending request for url (https://googlechromelabs.github.io/chrome-for-testing/known-good-versions-with-downloads.json): error trying to connect: 远程主机强迫关闭了一个现有的连接。 (os error 10054)); using driver found in the cache
2025-10-22 21:23:16,016 - INFO - ❌ 启动浏览器失败: Message: session not created: cannot connect to chrome at 127.0.0.1:9222
from chrome not reachable
Stacktrace:
Symbols not available. Dumping unresolved backtrace:
	0x7ff6dd579f45
	0x7ff6dd579fa0
	0x7ff6dd31e895
	0x7ff6dd30f5fe
	0x7ff6dd3633d0
	0x7ff6dd358372
	0x7ff6dd3ad426
	0x7ff6dd3acca6
	0x7ff6dd367eca
	0x7ff6dd368d33
	0x7ff6dd85a640
	0x7ff6dd854c2b
	0x7ff6dd8758a6
	0x7ff6dd595124
	0x7ff6dd59c5dc
	0x7ff6dd5831f4
	0x7ff6dd5833a5
	0x7ff6dd569232
	0x7ffebd867614
	0x7ffebdc626a1

2025-10-22 21:23:20,101 - INFO - ❌ 浏览器启动失败
2025-10-22 22:24:30,763 - INFO - ✅ 已加载元素映射: 37 个元素
2025-10-22 22:24:31,725 - WARNING - There was an error managing chrome (error sending request for url (https://googlechromelabs.github.io/chrome-for-testing/known-good-versions-with-downloads.json): error trying to connect: 远程主机强迫关闭了一个现有的连接。 (os error 10054)); using driver found in the cache
2025-10-22 22:24:49,689 - INFO - 🔄 切换交易模式: 模拟
2025-10-22 22:24:49,880 - INFO - ❌ 点击模拟失败: 'NoneType' object has no attribute 'find_element'
2025-10-22 22:24:49,892 - INFO - ❌ 切换模拟模式失败
2025-10-22 22:25:35,293 - INFO - ⚠️ 调试端口连接失败: Message: session not created: cannot connect to chrome at 127.0.0.1:9222
from chrome not reachable
Stacktrace:
Symbols not available. Dumping unresolved backtrace:
	0x7ff6dd579f45
	0x7ff6dd579fa0
	0x7ff6dd31e895
	0x7ff6dd30f5fe
	0x7ff6dd3633d0
	0x7ff6dd358372
	0x7ff6dd3ad426
	0x7ff6dd3acca6
	0x7ff6dd367eca
	0x7ff6dd368d33
	0x7ff6dd85a640
	0x7ff6dd854c2b
	0x7ff6dd8758a6
	0x7ff6dd595124
	0x7ff6dd59c5dc
	0x7ff6dd5831f4
	0x7ff6dd5833a5
	0x7ff6dd569232
	0x7ffebd867614
	0x7ffebdc626a1

2025-10-22 22:25:35,331 - INFO - 🔄 尝试自动启动Chrome调试模式...
2025-10-22 22:25:35,342 - INFO - 🚀 正在启动Chrome调试模式...
2025-10-22 22:25:41,363 - WARNING - There was an error managing chrome (error sending request for url (https://googlechromelabs.github.io/chrome-for-testing/known-good-versions-with-downloads.json): error trying to connect: 远程主机强迫关闭了一个现有的连接。 (os error 10054)); using driver found in the cache
2025-10-22 22:26:13,192 - INFO - ✅ Chrome调试模式启动成功，已连接到MHI交易页面
2025-10-22 22:26:13,203 - INFO - 💡 请确保已在浏览器中登录MHI账户
2025-10-22 22:26:17,304 - INFO - ✅ 浏览器启动成功
2025-10-22 22:26:17,306 - INFO - 💡 如果页面需要登录，请在浏览器中完成登录
2025-10-22 22:26:41,378 - INFO - 🔄 切换交易模式: 模拟
2025-10-22 22:26:41,382 - INFO - ❌ 点击模拟失败: Message: invalid session id: session deleted as the browser has closed the connection
from disconnected: not connected to DevTools
  (Session info: chrome=143.0.7475.8)
Stacktrace:
Symbols not available. Dumping unresolved backtrace:
	0x7ff6dd579f45
	0x7ff6dd579fa0
	0x7ff6dd31ea8d
	0x7ff6dd30a782
	0x7ff6dd32fc24
	0x7ff6dd3a6cc9
	0x7ff6dd3c77c2
	0x7ff6dd367eca
	0x7ff6dd368d33
	0x7ff6dd85a640
	0x7ff6dd854c2b
	0x7ff6dd8758a6
	0x7ff6dd595124
	0x7ff6dd59c5dc
	0x7ff6dd5831f4
	0x7ff6dd5833a5
	0x7ff6dd569232
	0x7ffebd867614
	0x7ffebdc626a1

2025-10-22 22:26:41,406 - INFO - ❌ 切换模拟模式失败
2025-10-22 22:26:49,181 - INFO - ✅ 浏览器已关闭
2025-10-22 22:26:49,182 - INFO - ✅ 浏览器已关闭
2025-10-22 22:41:14,965 - INFO - ✅ 已加载元素映射: 37 个元素
2025-10-22 22:41:15,977 - WARNING - There was an error managing chrome (error sending request for url (https://googlechromelabs.github.io/chrome-for-testing/known-good-versions-with-downloads.json): error trying to connect: 远程主机强迫关闭了一个现有的连接。 (os error 10054)); using driver found in the cache
2025-10-22 22:41:23,032 - INFO - ✅ 浏览器启动成功，已使用用户数据目录（复用已登录状态）
2025-10-22 22:41:23,078 - INFO - ✅ 浏览器启动成功
2025-10-22 22:43:15,836 - INFO - 🔄 切换交易模式: 模拟
2025-10-22 22:43:16,035 - INFO - ✅ 点击模拟模式
2025-10-22 22:43:17,551 - INFO - ✅ 已切换到模拟模式
2025-10-22 22:43:17,555 - INFO - ✅ 已切换到模拟模式
2025-10-22 22:43:40,931 - INFO - ✅ 浏览器已关闭
2025-10-22 22:43:40,932 - INFO - ✅ 浏览器已关闭
2025-10-22 22:55:51,262 - INFO - ✅ 已加载元素映射: 37 个元素
2025-10-22 22:55:52,232 - WARNING - There was an error managing chrome (error sending request for url (https://googlechromelabs.github.io/chrome-for-testing/known-good-versions-with-downloads.json): error trying to connect: 远程主机强迫关闭了一个现有的连接。 (os error 10054)); using driver found in the cache
2025-10-22 22:55:54,991 - INFO - ❌ 启动浏览器失败: Message: session not created: Chrome failed to start: crashed.
  (session not created: DevToolsActivePort file doesn't exist)
  (The process started from chrome location C:\Users\Administrator\AppData\Local\Google\Chrome\Application\chrome.exe is no longer running, so ChromeDriver is assuming that Chrome has crashed.)
Stacktrace:
Symbols not available. Dumping unresolved backtrace:
	0x7ff6dd579f45
	0x7ff6dd579fa0
	0x7ff6dd31ea8d
	0x7ff6dd35d657
	0x7ff6dd358bbe
	0x7ff6dd3ad426
	0x7ff6dd3acca6
	0x7ff6dd367eca
	0x7ff6dd368d33
	0x7ff6dd85a640
	0x7ff6dd854c2b
	0x7ff6dd8758a6
	0x7ff6dd595124
	0x7ff6dd59c5dc
	0x7ff6dd5831f4
	0x7ff6dd5833a5
	0x7ff6dd569232
	0x7ffebd867614
	0x7ffebdc626a1

2025-10-22 22:55:59,073 - INFO - ❌ 浏览器启动失败
2025-10-22 22:56:10,434 - INFO - ✅ 浏览器已关闭
2025-10-22 22:56:12,613 - INFO - ✅ 已加载元素映射: 37 个元素
2025-10-22 22:56:13,552 - WARNING - There was an error managing chrome (error sending request for url (https://googlechromelabs.github.io/chrome-for-testing/known-good-versions-with-downloads.json): error trying to connect: 远程主机强迫关闭了一个现有的连接。 (os error 10054)); using driver found in the cache
2025-10-22 22:56:21,046 - INFO - ✅ 浏览器启动成功，已使用用户数据目录（复用已登录状态）
2025-10-22 22:56:21,073 - INFO - ✅ 浏览器启动成功
2025-10-22 22:56:39,474 - INFO - 🔄 开始切换模式并设置所有参数: 模拟
2025-10-22 22:56:39,668 - INFO - 🔄 切换交易模式: 模拟
2025-10-22 22:56:39,801 - INFO - ✅ 点击模拟模式
2025-10-22 22:56:41,330 - INFO - ✅ 已切换到模拟模式
2025-10-22 22:56:41,337 - INFO - 🔄 设置订单类型: 市价
2025-10-22 22:56:41,345 - INFO - ❌ 元素对照表中未找到'市价订单'
2025-10-22 22:56:41,353 - INFO - ❌ 设置订单类型市价失败
2025-10-22 22:57:09,245 - INFO - 🔄 开始切换模式并设置所有参数: 实盘
2025-10-22 22:57:09,247 - INFO - 🔄 切换交易模式: 实盘
2025-10-22 22:57:09,344 - INFO - ✅ 点击实盘模式
2025-10-22 22:57:10,966 - INFO - ✅ 点击市价
2025-10-22 22:57:12,485 - INFO - ✅ 已切换到实盘模式
2025-10-22 22:57:12,488 - INFO - 🔄 设置订单类型: 市价
2025-10-22 22:57:12,489 - INFO - ❌ 元素对照表中未找到'市价订单'
2025-10-22 22:57:12,490 - INFO - ❌ 设置订单类型市价失败
2025-10-22 22:57:34,732 - INFO - 🔄 开始切换模式并设置所有参数: 模拟
2025-10-22 22:57:34,733 - INFO - 🔄 切换交易模式: 模拟
2025-10-22 22:57:34,831 - INFO - ✅ 点击模拟模式
2025-10-22 22:57:36,344 - INFO - ✅ 已切换到模拟模式
2025-10-22 22:57:36,346 - INFO - 🔄 设置订单类型: 市价
2025-10-22 22:57:36,373 - INFO - ❌ 元素对照表中未找到'市价订单'
2025-10-22 22:57:36,391 - INFO - ❌ 设置订单类型市价失败
2025-10-22 23:02:23,742 - INFO - ✅ 已加载元素映射: 37 个元素
2025-10-22 23:02:25,683 - WARNING - There was an error managing chrome (error sending request for url (https://googlechromelabs.github.io/chrome-for-testing/known-good-versions-with-downloads.json): error trying to connect: 远程主机强迫关闭了一个现有的连接。 (os error 10054)); using driver found in the cache
2025-10-22 23:02:32,307 - INFO - ✅ 浏览器启动成功，已使用用户数据目录（复用已登录状态）
2025-10-22 23:02:32,309 - INFO - ✅ 浏览器启动成功
2025-10-22 23:02:46,829 - INFO - 🔄 开始切换模式并设置所有参数: 模拟
2025-10-22 23:02:47,009 - INFO - 🔄 切换交易模式: 模拟
2025-10-22 23:02:47,131 - INFO - ✅ 点击模拟模式
2025-10-22 23:02:48,651 - INFO - ✅ 已切换到模拟模式
2025-10-22 23:02:48,655 - INFO - 🔄 设置交易模式: 元
2025-10-22 23:02:48,806 - INFO - ✅ 点击元模式
2025-10-22 23:02:49,813 - INFO - ✅ 已设置元模式
2025-10-22 23:02:49,816 - INFO - 🔄 设置手数: 1
2025-10-22 23:02:49,984 - INFO - ✅ 点击1手
2025-10-22 23:02:51,014 - INFO - ✅ 已设置1手
2025-10-22 23:02:51,018 - INFO - 🔄 设置保证金: 2700
2025-10-22 23:02:51,135 - INFO - ✅ 点击保证金2700
2025-10-22 23:02:52,156 - INFO - ✅ 已设置保证金2700
2025-10-22 23:02:52,160 - INFO - ✅ 已切换到模拟模式并完成所有参数设置
2025-10-22 23:02:52,165 - INFO - ❌ 切换模式并设置参数异常: local variable 'order_type' referenced before assignment
2025-10-22 23:03:09,468 - INFO - 🔄 开始切换模式并设置所有参数: 模拟
2025-10-22 23:03:09,469 - INFO - 🔄 切换交易模式: 模拟
2025-10-22 23:03:09,548 - INFO - ✅ 点击模拟模式
2025-10-22 23:03:11,070 - INFO - ✅ 已切换到模拟模式
2025-10-22 23:03:11,073 - INFO - 🔄 设置交易模式: 元
2025-10-22 23:03:11,222 - INFO - ✅ 点击元模式
2025-10-22 23:03:12,242 - INFO - ✅ 已设置元模式
2025-10-22 23:03:12,245 - INFO - 🔄 设置手数: 3
2025-10-22 23:03:12,351 - INFO - ✅ 点击3手
2025-10-22 23:03:13,380 - INFO - ✅ 已设置3手
2025-10-22 23:03:13,382 - INFO - 🔄 设置保证金: 4050
2025-10-22 23:03:13,497 - INFO - ✅ 点击保证金4050
2025-10-22 23:03:14,521 - INFO - ✅ 已设置保证金4050
2025-10-22 23:03:14,523 - INFO - ✅ 已切换到模拟模式并完成所有参数设置
2025-10-22 23:03:14,524 - INFO - ❌ 切换模式并设置参数异常: local variable 'order_type' referenced before assignment
2025-10-22 23:03:43,908 - INFO - 🔄 开始切换模式并设置所有参数: 模拟
2025-10-22 23:03:43,909 - INFO - 🔄 切换交易模式: 模拟
2025-10-22 23:03:43,993 - INFO - ✅ 点击模拟模式
2025-10-22 23:03:45,516 - INFO - ✅ 已切换到模拟模式
2025-10-22 23:03:45,519 - INFO - 🔄 设置交易模式: 元
2025-10-22 23:03:45,637 - INFO - ✅ 点击元模式
2025-10-22 23:03:46,654 - INFO - ✅ 已设置元模式
2025-10-22 23:03:46,656 - INFO - 🔄 设置手数: 10
2025-10-22 23:03:46,657 - INFO - ❌ 元素对照表中未找到'模拟_数量10'
2025-10-22 23:03:46,663 - INFO - ❌ 设置手数10失败
2025-10-22 23:04:05,364 - INFO - 🔄 开始切换模式并设置所有参数: 模拟
2025-10-22 23:04:05,365 - INFO - 🔄 切换交易模式: 模拟
2025-10-22 23:04:05,447 - INFO - ✅ 点击模拟模式
2025-10-22 23:04:06,969 - INFO - ✅ 已切换到模拟模式
2025-10-22 23:04:06,971 - INFO - 🔄 设置交易模式: 元
2025-10-22 23:04:07,070 - INFO - ✅ 点击元模式
2025-10-22 23:04:08,079 - INFO - ✅ 已设置元模式
2025-10-22 23:04:08,081 - INFO - 🔄 设置手数: 8
2025-10-22 23:04:08,082 - INFO - ❌ 元素对照表中未找到'模拟_数量8'
2025-10-22 23:04:08,091 - INFO - ❌ 设置手数8失败
2025-10-22 23:04:12,414 - INFO - 🔄 开始切换模式并设置所有参数: 模拟
2025-10-22 23:04:12,423 - INFO - 🔄 切换交易模式: 模拟
2025-10-22 23:04:12,509 - INFO - ✅ 点击模拟模式
2025-10-22 23:04:14,031 - INFO - ✅ 已切换到模拟模式
2025-10-22 23:04:14,040 - INFO - 🔄 设置交易模式: 元
2025-10-22 23:04:14,128 - INFO - ✅ 点击元模式
2025-10-22 23:04:15,157 - INFO - ✅ 已设置元模式
2025-10-22 23:04:15,174 - INFO - 🔄 设置手数: 5
2025-10-22 23:04:15,289 - INFO - ✅ 点击5手
2025-10-22 23:04:16,319 - INFO - ✅ 已设置5手
2025-10-22 23:04:16,331 - INFO - 🔄 设置保证金: 4050
2025-10-22 23:04:16,421 - INFO - ✅ 点击保证金4050
2025-10-22 23:04:17,427 - INFO - ✅ 已设置保证金4050
2025-10-22 23:04:17,444 - INFO - ✅ 已切换到模拟模式并完成所有参数设置
2025-10-22 23:04:17,457 - INFO - ❌ 切换模式并设置参数异常: local variable 'order_type' referenced before assignment
2025-10-22 23:04:24,732 - INFO - 🔄 开始切换模式并设置所有参数: 模拟
2025-10-22 23:04:24,741 - INFO - 🔄 切换交易模式: 模拟
2025-10-22 23:04:24,831 - INFO - ✅ 点击模拟模式
2025-10-22 23:04:26,343 - INFO - ✅ 已切换到模拟模式
2025-10-22 23:04:26,362 - INFO - 🔄 设置交易模式: 元
2025-10-22 23:04:26,456 - INFO - ✅ 点击元模式
2025-10-22 23:04:27,478 - INFO - ✅ 已设置元模式
2025-10-22 23:04:27,497 - INFO - 🔄 设置手数: 3
2025-10-22 23:04:27,610 - INFO - ✅ 点击3手
2025-10-22 23:04:28,622 - INFO - ✅ 已设置3手
2025-10-22 23:04:28,631 - INFO - 🔄 设置保证金: 4050
2025-10-22 23:04:28,722 - INFO - ✅ 点击保证金4050
2025-10-22 23:04:29,744 - INFO - ✅ 已设置保证金4050
2025-10-22 23:04:29,760 - INFO - ✅ 已切换到模拟模式并完成所有参数设置
2025-10-22 23:04:29,770 - INFO - ❌ 切换模式并设置参数异常: local variable 'order_type' referenced before assignment
2025-10-22 23:05:01,993 - INFO - 🔄 开始切换模式并设置所有参数: 实盘
2025-10-22 23:05:02,003 - INFO - 🔄 切换交易模式: 实盘
2025-10-22 23:05:02,109 - INFO - ✅ 点击实盘模式
2025-10-22 23:05:03,747 - INFO - ✅ 点击市价
2025-10-22 23:05:05,267 - INFO - ✅ 已切换到实盘模式
2025-10-22 23:05:05,280 - INFO - 🔄 设置订单类型: 市价
2025-10-22 23:05:05,376 - INFO - ✅ 点击市价
2025-10-22 23:05:06,404 - INFO - ✅ 已设置市价订单
2025-10-22 23:05:06,421 - INFO - 🔄 设置交易模式: 角
2025-10-22 23:05:06,530 - INFO - ✅ 点击角模式
2025-10-22 23:05:07,553 - INFO - ✅ 已设置角模式
2025-10-22 23:05:07,574 - INFO - 🔄 设置手数: 1
2025-10-22 23:05:07,689 - INFO - ✅ 点击1手
2025-10-22 23:05:08,705 - INFO - ✅ 已设置1手
2025-10-22 23:05:08,724 - INFO - 🔄 设置保证金: 2700
2025-10-22 23:05:08,899 - INFO - ✅ 点击保证金2700
2025-10-22 23:05:09,920 - INFO - ✅ 已设置保证金2700
2025-10-22 23:05:09,928 - INFO - ✅ 已切换到实盘模式并完成所有参数设置
2025-10-22 23:05:09,938 - INFO - 📋 参数设置: 订单类型=市价, 交易模式=角, 手数=1, 保证金=2700, 止盈=未设置
2025-10-22 23:05:22,511 - INFO - 🔄 开始切换模式并设置所有参数: 实盘
2025-10-22 23:05:22,520 - INFO - 🔄 切换交易模式: 实盘
2025-10-22 23:05:22,610 - INFO - ✅ 点击实盘模式
2025-10-22 23:05:24,222 - INFO - ✅ 点击市价
2025-10-22 23:05:25,751 - INFO - ✅ 已切换到实盘模式
2025-10-22 23:05:25,762 - INFO - 🔄 设置订单类型: 市价
2025-10-22 23:05:25,850 - INFO - ✅ 点击市价
2025-10-22 23:05:26,877 - INFO - ✅ 已设置市价订单
2025-10-22 23:05:26,887 - INFO - 🔄 设置交易模式: 角
2025-10-22 23:05:26,985 - INFO - ✅ 点击角模式
2025-10-22 23:05:28,000 - INFO - ✅ 已设置角模式
2025-10-22 23:05:28,016 - INFO - 🔄 设置手数: 3
2025-10-22 23:05:28,101 - INFO - ✅ 点击3手
2025-10-22 23:05:29,114 - INFO - ✅ 已设置3手
2025-10-22 23:05:29,130 - INFO - 🔄 设置保证金: 2700
2025-10-22 23:05:29,220 - INFO - ✅ 点击保证金2700
2025-10-22 23:05:30,245 - INFO - ✅ 已设置保证金2700
2025-10-22 23:05:30,263 - INFO - ✅ 已切换到实盘模式并完成所有参数设置
2025-10-22 23:05:30,274 - INFO - 📋 参数设置: 订单类型=市价, 交易模式=角, 手数=3, 保证金=2700, 止盈=未设置
2025-10-22 23:13:49,039 - INFO - 🔄 开始切换模式并设置所有参数: 模拟
2025-10-22 23:13:49,050 - INFO - 🔄 切换交易模式: 模拟
2025-10-22 23:13:49,156 - INFO - ✅ 点击模拟模式
2025-10-22 23:13:50,665 - INFO - ✅ 已切换到模拟模式
2025-10-22 23:13:50,674 - INFO - 🔄 设置交易模式: 元
2025-10-22 23:13:50,789 - INFO - ✅ 点击元模式
2025-10-22 23:13:51,821 - INFO - ✅ 已设置元模式
2025-10-22 23:13:51,836 - INFO - 🔄 设置手数: 1
2025-10-22 23:13:51,949 - INFO - ✅ 点击1手
2025-10-22 23:13:52,957 - INFO - ✅ 已设置1手
2025-10-22 23:13:52,966 - INFO - 🔄 设置保证金: 2700
2025-10-22 23:13:53,069 - INFO - ✅ 点击保证金2700
2025-10-22 23:13:54,091 - INFO - ✅ 已设置保证金2700
2025-10-22 23:13:54,101 - INFO - ✅ 已切换到模拟模式并完成所有参数设置
2025-10-22 23:13:54,112 - INFO - ❌ 切换模式并设置参数异常: local variable 'order_type' referenced before assignment
2025-10-22 23:14:01,428 - INFO - 🔄 开始买跌操作
2025-10-22 23:14:01,440 - INFO - 🔄 开始买跌操作 - 手数:1, 保证金:2700
2025-10-22 23:14:01,449 - INFO - 🔄 设置手数: 1
2025-10-22 23:14:01,517 - INFO - ✅ 点击1手
2025-10-22 23:14:02,529 - INFO - ✅ 已设置1手
2025-10-22 23:14:02,538 - INFO - 🔄 设置保证金: 2700
2025-10-22 23:14:02,619 - INFO - ✅ 点击保证金2700
2025-10-22 23:14:03,623 - INFO - ✅ 已设置保证金2700
2025-10-22 23:14:03,751 - INFO - ✅ 点击买跌
2025-10-22 23:14:06,231 - INFO - ✅ 确认买跌订单 - 通过文本查找成功
2025-10-22 23:14:06,315 - INFO - ⚠️ 确认买跌订单 - 未找到确认按钮，已按ESC关闭弹窗
2025-10-22 23:14:07,321 - INFO - ⚠️ 确认买跌订单 - 未找到确认按钮
2025-10-22 23:14:07,337 - INFO - ✅ 买跌操作完成
2025-10-22 23:14:07,352 - INFO - ✅ 买跌操作完成
2025-10-22 23:14:16,366 - INFO - 🔄 执行一键平仓
2025-10-22 23:14:16,380 - INFO - 🔄 执行一键平仓
2025-10-22 23:14:16,472 - INFO - ✅ 点击一键平仓
2025-10-22 23:14:18,991 - INFO - ✅ 一键平仓完成
2025-10-22 23:14:19,011 - INFO - ✅ 一键平仓完成
2025-10-22 23:15:06,965 - INFO - ✅ 浏览器已关闭
2025-10-22 23:15:06,966 - INFO - ✅ 浏览器已关闭
2025-10-22 23:15:13,570 - INFO - ✅ 已加载元素映射: 37 个元素
2025-10-22 23:15:14,514 - WARNING - There was an error managing chrome (error sending request for url (https://googlechromelabs.github.io/chrome-for-testing/known-good-versions-with-downloads.json): error trying to connect: 远程主机强迫关闭了一个现有的连接。 (os error 10054)); using driver found in the cache
2025-10-22 23:15:20,379 - INFO - ✅ 浏览器启动成功，已使用用户数据目录（复用已登录状态）
2025-10-22 23:15:20,384 - INFO - ✅ 浏览器启动成功
2025-10-22 23:15:39,818 - INFO - 🔄 开始切换模式并设置所有参数: 模拟
2025-10-22 23:15:40,013 - INFO - 🔄 切换交易模式: 模拟
2025-10-22 23:15:40,150 - INFO - ✅ 点击模拟模式
2025-10-22 23:15:41,665 - INFO - ✅ 已切换到模拟模式
2025-10-22 23:15:41,669 - INFO - 🔄 设置交易模式: 元
2025-10-22 23:15:41,796 - INFO - ✅ 点击元模式
2025-10-22 23:15:42,817 - INFO - ✅ 已设置元模式
2025-10-22 23:15:42,822 - INFO - 🔄 设置手数: 10
2025-10-22 23:15:43,006 - INFO - ✅ 点击10手
2025-10-22 23:15:44,032 - INFO - ✅ 已设置10手
2025-10-22 23:15:44,036 - INFO - 🔄 设置保证金: 四档(8100)
2025-10-22 23:15:44,157 - INFO - ✅ 点击保证金四档
2025-10-22 23:15:45,176 - INFO - ✅ 已设置保证金四档
2025-10-22 23:15:45,179 - INFO - ✅ 已切换到模拟模式并完成所有参数设置
2025-10-22 23:15:45,180 - INFO - 📋 参数设置: 订单类型=不设置, 交易模式=元, 手数=10, 保证金=8100, 止盈=未设置
2025-10-22 23:16:31,417 - INFO - 🔄 开始切换模式并设置所有参数: 实盘
2025-10-22 23:16:31,418 - INFO - 🔄 切换交易模式: 实盘
2025-10-22 23:16:31,505 - INFO - ✅ 点击实盘模式
2025-10-22 23:16:33,139 - INFO - ✅ 点击市价
2025-10-22 23:16:34,649 - INFO - ✅ 已切换到实盘模式
2025-10-22 23:16:34,653 - INFO - 🔄 设置订单类型: 市价
2025-10-22 23:16:34,757 - INFO - ✅ 点击市价
2025-10-22 23:16:35,784 - INFO - ✅ 已设置市价订单
2025-10-22 23:16:35,787 - INFO - 🔄 设置交易模式: 角
2025-10-22 23:16:35,889 - INFO - ✅ 点击角模式
2025-10-22 23:16:36,917 - INFO - ✅ 已设置角模式
2025-10-22 23:16:36,919 - INFO - 🔄 设置手数: 1
2025-10-22 23:16:37,026 - INFO - ✅ 点击1手
2025-10-22 23:16:38,053 - INFO - ✅ 已设置1手
2025-10-22 23:16:38,055 - INFO - 🔄 设置保证金: 一档(2700)
2025-10-22 23:16:38,155 - INFO - ✅ 点击保证金一档
2025-10-22 23:16:39,160 - INFO - ✅ 已设置保证金一档
2025-10-22 23:16:39,165 - INFO - ✅ 已切换到实盘模式并完成所有参数设置
2025-10-22 23:16:39,167 - INFO - 📋 参数设置: 订单类型=市价, 交易模式=角, 手数=1, 保证金=2700, 止盈=未设置
2025-10-22 23:17:05,915 - INFO - 🔄 查询当前持仓
2025-10-22 23:17:05,920 - INFO - 🔄 查询当前持仓
2025-10-22 23:17:05,922 - INFO - ❌ 元素对照表中未找到'当前持仓'
2025-10-22 23:17:05,923 - INFO - 📊 当前持仓: 0 个
2025-10-22 23:17:14,021 - INFO - 🔄 开始切换模式并设置所有参数: 模拟
2025-10-22 23:17:14,022 - INFO - 🔄 切换交易模式: 模拟
2025-10-22 23:17:14,115 - INFO - ✅ 点击模拟模式
2025-10-22 23:17:15,626 - INFO - ✅ 已切换到模拟模式
2025-10-22 23:17:15,630 - INFO - 🔄 设置交易模式: 元
2025-10-22 23:17:15,743 - INFO - ✅ 点击元模式
2025-10-22 23:17:16,759 - INFO - ✅ 已设置元模式
2025-10-22 23:17:16,763 - INFO - 🔄 设置手数: 1
2025-10-22 23:17:16,894 - INFO - ✅ 点击1手
2025-10-22 23:17:17,914 - INFO - ✅ 已设置1手
2025-10-22 23:17:17,918 - INFO - 🔄 设置保证金: 一档(2700)
2025-10-22 23:17:18,039 - INFO - ✅ 点击保证金一档
2025-10-22 23:17:19,070 - INFO - ✅ 已设置保证金一档
2025-10-22 23:17:19,088 - INFO - ✅ 已切换到模拟模式并完成所有参数设置
2025-10-22 23:17:19,104 - INFO - 📋 参数设置: 订单类型=不设置, 交易模式=元, 手数=1, 保证金=2700, 止盈=未设置
2025-10-22 23:17:30,206 - INFO - 🔄 开始买涨操作
2025-10-22 23:17:30,219 - INFO - 🔄 开始买涨操作 - 手数:1, 保证金:2700
2025-10-22 23:17:30,231 - INFO - 🔄 设置手数: 1
2025-10-22 23:17:30,327 - INFO - ✅ 点击1手
2025-10-22 23:17:31,341 - INFO - ✅ 已设置1手
2025-10-22 23:17:31,349 - INFO - 🔄 设置保证金: 一档(2700)
2025-10-22 23:17:31,429 - INFO - ✅ 点击保证金一档
2025-10-22 23:17:32,457 - INFO - ✅ 已设置保证金一档
2025-10-22 23:17:32,627 - INFO - ✅ 点击买涨
2025-10-22 23:17:35,156 - INFO - ✅ 确认买涨订单 - 通过文本查找成功
2025-10-22 23:17:35,254 - INFO - ⚠️ 确认买涨订单 - 未找到确认按钮，已按ESC关闭弹窗
2025-10-22 23:17:36,259 - INFO - ⚠️ 确认买涨订单 - 未找到确认按钮
2025-10-22 23:17:36,277 - INFO - ✅ 买涨操作完成
2025-10-22 23:17:36,295 - INFO - ✅ 买涨操作完成
2025-10-22 23:17:40,525 - INFO - 🔄 查询当前持仓
2025-10-22 23:17:40,535 - INFO - 🔄 查询当前持仓
2025-10-22 23:17:40,546 - INFO - ❌ 元素对照表中未找到'当前持仓'
2025-10-22 23:17:40,555 - INFO - 📊 当前持仓: 0 个
2025-10-22 23:17:43,764 - INFO - 🔄 查询当前持仓
2025-10-22 23:17:43,773 - INFO - 🔄 查询当前持仓
2025-10-22 23:17:43,780 - INFO - ❌ 元素对照表中未找到'当前持仓'
2025-10-22 23:17:43,790 - INFO - 📊 当前持仓: 0 个
2025-10-22 23:20:12,084 - INFO - 🔄 执行一键平仓
2025-10-22 23:20:12,093 - INFO - 🔄 执行一键平仓
2025-10-22 23:20:12,223 - INFO - ✅ 点击一键平仓
2025-10-22 23:20:14,736 - INFO - ✅ 一键平仓完成
2025-10-22 23:20:14,755 - INFO - ✅ 一键平仓完成
2025-10-22 23:20:25,313 - INFO - 🔄 开始切换模式并设置所有参数: 实盘
2025-10-22 23:20:25,325 - INFO - 🔄 切换交易模式: 实盘
2025-10-22 23:20:25,477 - INFO - ✅ 点击实盘模式
2025-10-22 23:20:27,123 - INFO - ✅ 点击市价
2025-10-22 23:20:28,645 - INFO - ✅ 已切换到实盘模式
2025-10-22 23:20:28,655 - INFO - 🔄 设置订单类型: 市价
2025-10-22 23:20:28,779 - INFO - ✅ 点击市价
2025-10-22 23:20:29,805 - INFO - ✅ 已设置市价订单
2025-10-22 23:20:29,820 - INFO - 🔄 设置交易模式: 角
2025-10-22 23:20:29,978 - INFO - ✅ 点击角模式
2025-10-22 23:20:31,003 - INFO - ✅ 已设置角模式
2025-10-22 23:20:31,015 - INFO - 🔄 设置手数: 1
2025-10-22 23:20:31,143 - INFO - ✅ 点击1手
2025-10-22 23:20:32,156 - INFO - ✅ 已设置1手
2025-10-22 23:20:32,175 - INFO - 🔄 设置保证金: 一档(2700)
2025-10-22 23:20:32,316 - INFO - ✅ 点击保证金一档
2025-10-22 23:20:33,335 - INFO - ✅ 已设置保证金一档
2025-10-22 23:20:33,355 - INFO - ✅ 已切换到实盘模式并完成所有参数设置
2025-10-22 23:20:33,366 - INFO - 📋 参数设置: 订单类型=市价, 交易模式=角, 手数=1, 保证金=2700, 止盈=未设置
2025-10-22 23:20:53,643 - INFO - 🔄 开始买涨操作
2025-10-22 23:20:53,652 - INFO - 🔄 开始买涨操作 - 手数:1, 保证金:2700
2025-10-22 23:20:53,662 - INFO - 🔄 设置手数: 1
2025-10-22 23:20:53,779 - INFO - ✅ 点击1手
2025-10-22 23:20:54,808 - INFO - ✅ 已设置1手
2025-10-22 23:20:54,824 - INFO - 🔄 设置保证金: 一档(2700)
2025-10-22 23:20:54,984 - INFO - ✅ 点击保证金一档
2025-10-22 23:20:56,005 - INFO - ✅ 已设置保证金一档
2025-10-22 23:20:56,160 - INFO - ✅ 点击买涨
2025-10-22 23:20:58,725 - INFO - ✅ 确认买涨订单 - 通过文本查找成功
2025-10-22 23:20:58,831 - INFO - ⚠️ 确认买涨订单 - 未找到确认按钮，已按ESC关闭弹窗
2025-10-22 23:20:59,836 - INFO - ⚠️ 确认买涨订单 - 未找到确认按钮
2025-10-22 23:20:59,849 - INFO - ✅ 买涨操作完成
2025-10-22 23:20:59,868 - INFO - ✅ 买涨操作完成
2025-10-22 23:22:45,231 - INFO - 🔄 开始买跌操作
2025-10-22 23:22:45,240 - INFO - 🔄 开始买跌操作 - 手数:1, 保证金:2700
2025-10-22 23:22:45,251 - INFO - 🔄 设置手数: 1
2025-10-22 23:22:45,374 - INFO - ✅ 点击1手
2025-10-22 23:22:46,397 - INFO - ✅ 已设置1手
2025-10-22 23:22:46,415 - INFO - 🔄 设置保证金: 一档(2700)
2025-10-22 23:22:46,573 - INFO - ✅ 点击保证金一档
2025-10-22 23:22:47,598 - INFO - ✅ 已设置保证金一档
2025-10-22 23:22:47,757 - INFO - ✅ 点击买跌
2025-10-22 23:22:50,290 - INFO - ✅ 确认买跌订单 - 通过文本查找成功
2025-10-22 23:22:50,392 - INFO - ⚠️ 确认买跌订单 - 未找到确认按钮，已按ESC关闭弹窗
2025-10-22 23:22:51,399 - INFO - ⚠️ 确认买跌订单 - 未找到确认按钮
2025-10-22 23:22:51,416 - INFO - ✅ 买跌操作完成
2025-10-22 23:22:51,432 - INFO - ✅ 买跌操作完成
2025-10-22 23:24:17,682 - INFO - 🔄 执行一键平仓
2025-10-22 23:24:17,692 - INFO - 🔄 执行一键平仓
2025-10-22 23:24:17,823 - INFO - ✅ 点击一键平仓
2025-10-22 23:24:20,337 - INFO - ✅ 一键平仓完成
2025-10-22 23:24:20,357 - INFO - ✅ 一键平仓完成
2025-10-22 23:24:41,506 - INFO - 🔄 查询当前持仓
2025-10-22 23:24:41,514 - INFO - 🔄 查询当前持仓
2025-10-22 23:24:41,523 - INFO - ❌ 元素对照表中未找到'当前持仓'
2025-10-22 23:24:41,536 - INFO - 📊 当前持仓: 0 个
2025-10-22 23:31:10,117 - INFO - ✅ 浏览器已关闭
2025-10-22 23:31:10,118 - INFO - ✅ 浏览器已关闭
2025-10-22 23:31:27,744 - INFO - ✅ 已加载元素映射: 38 个元素
2025-10-22 23:31:28,713 - WARNING - There was an error managing chrome (error sending request for url (https://googlechromelabs.github.io/chrome-for-testing/known-good-versions-with-downloads.json): error trying to connect: 远程主机强迫关闭了一个现有的连接。 (os error 10054)); using driver found in the cache
2025-10-22 23:31:35,115 - INFO - ✅ 浏览器启动成功，已使用用户数据目录（复用已登录状态）
2025-10-22 23:31:35,161 - INFO - ✅ 浏览器启动成功
2025-10-22 23:31:42,599 - INFO - 🔄 开始切换模式并设置所有参数: 模拟
2025-10-22 23:31:42,796 - INFO - 🔄 切换交易模式: 模拟
2025-10-22 23:31:42,962 - INFO - ✅ 点击模拟模式
2025-10-22 23:31:44,482 - INFO - ✅ 已切换到模拟模式
2025-10-22 23:31:44,489 - INFO - 🔄 设置交易模式: 元
2025-10-22 23:31:44,633 - INFO - ✅ 点击元模式
2025-10-22 23:31:45,650 - INFO - ✅ 已设置元模式
2025-10-22 23:31:45,654 - INFO - 🔄 设置手数: 1
2025-10-22 23:31:45,778 - INFO - ✅ 点击1手
2025-10-22 23:31:46,799 - INFO - ✅ 已设置1手
2025-10-22 23:31:46,802 - INFO - 🔄 设置保证金: 四档(8100)
2025-10-22 23:31:46,931 - INFO - ✅ 点击保证金四档
2025-10-22 23:31:47,951 - INFO - ✅ 已设置保证金四档
2025-10-22 23:31:47,954 - INFO - ✅ 已切换到模拟模式并完成所有参数设置
2025-10-22 23:31:47,957 - INFO - 📋 参数设置: 订单类型=不设置, 交易模式=元, 手数=1, 保证金=8100, 止盈=未设置
2025-10-22 23:32:03,643 - INFO - 🔄 开始买涨操作
2025-10-22 23:32:03,649 - INFO - 🔄 开始买涨操作 - 手数:1, 保证金:2700
2025-10-22 23:32:03,650 - INFO - 🔄 设置手数: 1
2025-10-22 23:32:03,720 - INFO - ✅ 点击1手
2025-10-22 23:32:04,739 - INFO - ✅ 已设置1手
2025-10-22 23:32:04,743 - INFO - 🔄 设置保证金: 一档(2700)
2025-10-22 23:32:04,873 - INFO - ✅ 点击保证金一档
2025-10-22 23:32:05,895 - INFO - ✅ 已设置保证金一档
2025-10-22 23:32:06,076 - INFO - ✅ 点击买涨
2025-10-22 23:32:08,624 - INFO - ✅ 确认买涨订单 - 通过文本查找成功
2025-10-22 23:32:08,716 - INFO - ⚠️ 确认买涨订单 - 未找到确认按钮，已按ESC关闭弹窗
2025-10-22 23:32:09,719 - INFO - ⚠️ 确认买涨订单 - 未找到确认按钮
2025-10-22 23:32:09,722 - INFO - ✅ 买涨操作完成
2025-10-22 23:32:09,724 - INFO - ✅ 买涨操作完成
2025-10-22 23:32:17,772 - INFO - 🔄 查询当前持仓
2025-10-22 23:32:17,776 - INFO - 🔄 查询当前持仓
2025-10-22 23:32:18,811 - INFO - ❌ 查询持仓失败: Message: no such element: Unable to locate element: {"method":"xpath","selector":"BODY/DIV[1]/DIV/DIV[3]/DIV[1]/DIV[2]/DIV[2]"}
  (Session info: chrome=143.0.7475.8); For documentation on this error, please visit: https://www.selenium.dev/documentation/webdriver/troubleshooting/errors#no-such-element-exception
Stacktrace:
Symbols not available. Dumping unresolved backtrace:
	0x7ff6dd579f45
	0x7ff6dd579fa0
	0x7ff6dd31ea8d
	0x7ff6dd376df3
	0x7ff6dd3770fc
	0x7ff6dd3cb107
	0x7ff6dd3c7eb7
	0x7ff6dd367eca
	0x7ff6dd368d33
	0x7ff6dd85a640
	0x7ff6dd854c2b
	0x7ff6dd8758a6
	0x7ff6dd595124
	0x7ff6dd59c5dc
	0x7ff6dd5831f4
	0x7ff6dd5833a5
	0x7ff6dd569232
	0x7ffebd867614
	0x7ffebdc626a1

2025-10-22 23:32:18,876 - INFO - 📊 当前持仓: 0 个
2025-10-22 23:35:01,112 - INFO - ✅ 浏览器已关闭
2025-10-22 23:35:01,113 - INFO - ✅ 浏览器已关闭
2025-10-22 23:39:17,624 - INFO - ✅ 已加载元素映射: 38 个元素
2025-10-22 23:39:18,598 - WARNING - There was an error managing chrome (error sending request for url (https://googlechromelabs.github.io/chrome-for-testing/known-good-versions-with-downloads.json): error trying to connect: 远程主机强迫关闭了一个现有的连接。 (os error 10054)); using driver found in the cache
2025-10-22 23:39:25,247 - INFO - ✅ 浏览器启动成功，已使用用户数据目录（复用已登录状态）
2025-10-22 23:39:25,277 - INFO - ✅ 浏览器启动成功
2025-10-22 23:39:55,300 - INFO - 🔄 开始切换模式并设置所有参数: 模拟
2025-10-22 23:39:55,499 - INFO - 🔄 切换交易模式: 模拟
2025-10-22 23:39:55,610 - INFO - ✅ 点击模拟模式
2025-10-22 23:39:56,320 - INFO - ✅ 已切换到模拟模式
2025-10-22 23:39:56,326 - INFO - 🔄 设置交易模式: 元
2025-10-22 23:39:56,427 - INFO - ✅ 点击元模式
2025-10-22 23:39:57,052 - INFO - ✅ 已设置元模式
2025-10-22 23:39:57,056 - INFO - 🔄 设置手数: 1
2025-10-22 23:39:57,172 - INFO - ✅ 点击1手
2025-10-22 23:39:57,798 - INFO - ✅ 已设置1手
2025-10-22 23:39:57,802 - INFO - 🔄 设置保证金: 一档(2700)
2025-10-22 23:39:57,938 - INFO - ✅ 点击保证金一档
2025-10-22 23:39:58,562 - INFO - ✅ 已设置保证金一档
2025-10-22 23:39:58,567 - INFO - ✅ 已切换到模拟模式并完成所有参数设置
2025-10-22 23:39:58,571 - INFO - 📋 参数设置: 订单类型=不设置, 交易模式=元, 手数=1, 保证金=2700, 止盈=未设置
2025-10-22 23:40:07,734 - INFO - 🔄 开始切换模式并设置所有参数: 模拟
2025-10-22 23:40:07,735 - INFO - 🔄 切换交易模式: 模拟
2025-10-22 23:40:07,844 - INFO - ✅ 点击模拟模式
2025-10-22 23:40:08,555 - INFO - ✅ 已切换到模拟模式
2025-10-22 23:40:08,559 - INFO - 🔄 设置交易模式: 元
2025-10-22 23:40:08,680 - INFO - ✅ 点击元模式
2025-10-22 23:40:09,308 - INFO - ✅ 已设置元模式
2025-10-22 23:40:09,312 - INFO - 🔄 设置手数: 10
2025-10-22 23:40:09,438 - INFO - ✅ 点击10手
2025-10-22 23:40:10,054 - INFO - ✅ 已设置10手
2025-10-22 23:40:10,058 - INFO - 🔄 设置保证金: 四档(8100)
2025-10-22 23:40:10,190 - INFO - ✅ 点击保证金四档
2025-10-22 23:40:10,814 - INFO - ✅ 已设置保证金四档
2025-10-22 23:40:10,817 - INFO - ✅ 已切换到模拟模式并完成所有参数设置
2025-10-22 23:40:10,820 - INFO - 📋 参数设置: 订单类型=不设置, 交易模式=元, 手数=10, 保证金=8100, 止盈=未设置
2025-10-22 23:40:29,273 - INFO - 🔄 开始切换模式并设置所有参数: 模拟
2025-10-22 23:40:29,276 - INFO - 🔄 切换交易模式: 模拟
2025-10-22 23:40:29,362 - INFO - ✅ 点击模拟模式
2025-10-22 23:40:30,080 - INFO - ✅ 已切换到模拟模式
2025-10-22 23:40:30,083 - INFO - 🔄 设置交易模式: 元
2025-10-22 23:40:30,171 - INFO - ✅ 点击元模式
2025-10-22 23:40:30,797 - INFO - ✅ 已设置元模式
2025-10-22 23:40:30,801 - INFO - 🔄 设置手数: 1
2025-10-22 23:40:30,944 - INFO - ✅ 点击1手
2025-10-22 23:40:31,570 - INFO - ✅ 已设置1手
2025-10-22 23:40:31,573 - INFO - 🔄 设置保证金: 四档(8100)
2025-10-22 23:40:31,673 - INFO - ✅ 点击保证金四档
2025-10-22 23:40:32,289 - INFO - ✅ 已设置保证金四档
2025-10-22 23:40:32,293 - INFO - ✅ 已切换到模拟模式并完成所有参数设置
2025-10-22 23:40:32,293 - INFO - 📋 参数设置: 订单类型=不设置, 交易模式=元, 手数=1, 保证金=8100, 止盈=未设置
2025-10-22 23:40:34,658 - INFO - 🔄 开始买涨操作
2025-10-22 23:40:34,664 - INFO - 🔄 开始买涨操作 - 手数:1, 保证金:2700
2025-10-22 23:40:34,665 - INFO - 🔄 设置手数: 1
2025-10-22 23:40:34,739 - INFO - ✅ 点击1手
2025-10-22 23:40:35,359 - INFO - ✅ 已设置1手
2025-10-22 23:40:35,368 - INFO - 🔄 设置保证金: 一档(2700)
2025-10-22 23:40:35,466 - INFO - ✅ 点击保证金一档
2025-10-22 23:40:36,081 - INFO - ✅ 已设置保证金一档
2025-10-22 23:40:36,235 - INFO - ✅ 点击买涨
2025-10-22 23:40:37,258 - INFO - ✅ 确认买涨订单 - 通过文本查找成功
2025-10-22 23:40:37,373 - INFO - ✅ 买涨订单已提交
2025-10-22 23:40:37,388 - INFO - ✅ 买涨操作完成
2025-10-22 23:40:57,892 - INFO - 🔄 查询当前持仓
2025-10-22 23:40:57,904 - INFO - 🔄 查询当前持仓
2025-10-22 23:40:58,924 - INFO - ⚠️ 表格查询失败: Message: no such element: Unable to locate element: {"method":"css selector","selector":"div.position_list table, div.position_list tbody, .position_table"}
  (Session info: chrome=143.0.7475.8); For documentation on this error, please visit: https://www.selenium.dev/documentation/webdriver/troubleshooting/errors#no-such-element-exception
Stacktrace:
Symbols not available. Dumping unresolved backtrace:
	0x7ff6dd579f45
	0x7ff6dd579fa0
	0x7ff6dd31ea8d
	0x7ff6dd376df3
	0x7ff6dd3770fc
	0x7ff6dd3cb107
	0x7ff6dd3c7eb7
	0x7ff6dd367eca
	0x7ff6dd368d33
	0x7ff6dd85a640
	0x7ff6dd854c2b
	0x7ff6dd8758a6
	0x7ff6dd595124
	0x7ff6dd59c5dc
	0x7ff6dd5831f4
	0x7ff6dd5833a5
	0x7ff6dd569232
	0x7ffebd867614
	0x7ffebdc626a1

2025-10-22 23:40:58,997 - INFO - ⚠️ 列表查询失败: Message: no such element: Unable to locate element: {"method":"xpath","selector":"BODY/DIV[1]/DIV/DIV[3]/DIV[1]/DIV[2]/DIV[2]"}
  (Session info: chrome=143.0.7475.8); For documentation on this error, please visit: https://www.selenium.dev/documentation/webdriver/troubleshooting/errors#no-such-element-exception
Stacktrace:
Symbols not available. Dumping unresolved backtrace:
	0x7ff6dd579f45
	0x7ff6dd579fa0
	0x7ff6dd31ea8d
	0x7ff6dd376df3
	0x7ff6dd3770fc
	0x7ff6dd3cb107
	0x7ff6dd3c7eb7
	0x7ff6dd367eca
	0x7ff6dd368d33
	0x7ff6dd85a640
	0x7ff6dd854c2b
	0x7ff6dd8758a6
	0x7ff6dd595124
	0x7ff6dd59c5dc
	0x7ff6dd5831f4
	0x7ff6dd5833a5
	0x7ff6dd569232
	0x7ffebd867614
	0x7ffebdc626a1

2025-10-22 23:40:59,068 - INFO - 📊 通过文本搜索查询到持仓: 4 个
2025-10-22 23:40:59,117 - INFO - 📊 当前持仓: 4 个
2025-10-22 23:40:59,140 - INFO -   持仓1: {'symbol': '恒指(MHI)', 'content': '小恒指(MHI2510)'}
2025-10-22 23:40:59,167 - INFO -   持仓2: {'symbol': '恒指(MHI)', 'content': '小恒指(MHI2510)'}
2025-10-22 23:40:59,189 - INFO -   持仓3: {'symbol': '恒指(MHI)', 'content': '小恒指(MHI2510)'}
2025-10-22 23:40:59,211 - INFO -   持仓4: {'symbol': '恒指(MHI)', 'content': '小恒指'}
2025-10-22 23:41:21,457 - INFO - 🔄 执行一键平仓
2025-10-22 23:41:21,484 - INFO - 🔄 执行一键平仓
2025-10-22 23:41:21,583 - INFO - ✅ 点击一键平仓
2025-10-22 23:41:24,107 - INFO - ✅ 一键平仓完成
2025-10-22 23:41:24,132 - INFO - ✅ 一键平仓完成
2025-10-22 23:42:20,920 - INFO - 🔄 开始买跌操作
2025-10-22 23:42:20,940 - INFO - 🔄 开始买跌操作 - 手数:1, 保证金:2700
2025-10-22 23:42:20,958 - INFO - 🔄 设置手数: 1
2025-10-22 23:42:21,051 - INFO - ✅ 点击1手
2025-10-22 23:42:21,672 - INFO - ✅ 已设置1手
2025-10-22 23:42:21,697 - INFO - 🔄 设置保证金: 一档(2700)
2025-10-22 23:42:21,797 - INFO - ✅ 点击保证金一档
2025-10-22 23:42:22,423 - INFO - ✅ 已设置保证金一档
2025-10-22 23:42:22,541 - INFO - ✅ 点击买跌
2025-10-22 23:42:23,530 - INFO - ✅ 确认买跌订单 - 通过文本查找成功
2025-10-22 23:42:23,645 - INFO - ✅ 买跌订单已提交
2025-10-22 23:42:23,666 - INFO - ✅ 买跌操作完成
2025-10-22 23:42:57,436 - INFO - 🔄 执行一键平仓
2025-10-22 23:42:57,454 - INFO - 🔄 执行一键平仓
2025-10-22 23:42:57,552 - INFO - ✅ 点击一键平仓
2025-10-22 23:43:00,071 - INFO - ✅ 一键平仓完成
2025-10-22 23:43:00,108 - INFO - ✅ 一键平仓完成
2025-10-22 23:43:01,223 - INFO - 🔄 开始切换模式并设置所有参数: 模拟
2025-10-22 23:43:01,241 - INFO - 🔄 切换交易模式: 模拟
2025-10-22 23:43:01,334 - INFO - ✅ 点击模拟模式
2025-10-22 23:43:02,051 - INFO - ✅ 已切换到模拟模式
2025-10-22 23:43:02,073 - INFO - 🔄 设置交易模式: 元
2025-10-22 23:43:02,166 - INFO - ✅ 点击元模式
2025-10-22 23:43:02,786 - INFO - ✅ 已设置元模式
2025-10-22 23:43:02,808 - INFO - 🔄 设置手数: 1
2025-10-22 23:43:02,920 - INFO - ✅ 点击1手
2025-10-22 23:43:03,535 - INFO - ✅ 已设置1手
2025-10-22 23:43:03,553 - INFO - 🔄 设置保证金: 四档(8100)
2025-10-22 23:43:03,652 - INFO - ✅ 点击保证金四档
2025-10-22 23:43:04,266 - INFO - ✅ 已设置保证金四档
2025-10-22 23:43:04,286 - INFO - ✅ 已切换到模拟模式并完成所有参数设置
2025-10-22 23:43:04,296 - INFO - 📋 参数设置: 订单类型=不设置, 交易模式=元, 手数=1, 保证金=8100, 止盈=未设置
2025-10-22 23:43:13,066 - INFO - 🔄 开始买跌操作
2025-10-22 23:43:13,078 - INFO - 🔄 开始买跌操作 - 手数:1, 保证金:2700
2025-10-22 23:43:13,090 - INFO - 🔄 设置手数: 1
2025-10-22 23:43:13,168 - INFO - ✅ 点击1手
2025-10-22 23:43:13,788 - INFO - ✅ 已设置1手
2025-10-22 23:43:13,804 - INFO - 🔄 设置保证金: 一档(2700)
2025-10-22 23:43:13,936 - INFO - ✅ 点击保证金一档
2025-10-22 23:43:14,556 - INFO - ✅ 已设置保证金一档
2025-10-22 23:43:14,701 - INFO - ✅ 点击买跌
2025-10-22 23:43:15,631 - INFO - ✅ 确认买跌订单 - 通过文本查找成功
2025-10-22 23:43:15,742 - INFO - ✅ 买跌订单已提交
2025-10-22 23:43:15,760 - INFO - ✅ 买跌操作完成
2025-10-22 23:44:51,230 - INFO - 🔄 查询当前持仓
2025-10-22 23:44:51,239 - INFO - 🔄 查询当前持仓
2025-10-22 23:44:52,267 - INFO - ⚠️ 表格查询失败: Message: no such element: Unable to locate element: {"method":"css selector","selector":"div.position_list table, div.position_list tbody, .position_table"}
  (Session info: chrome=143.0.7475.8); For documentation on this error, please visit: https://www.selenium.dev/documentation/webdriver/troubleshooting/errors#no-such-element-exception
Stacktrace:
Symbols not available. Dumping unresolved backtrace:
	0x7ff6dd579f45
	0x7ff6dd579fa0
	0x7ff6dd31ea8d
	0x7ff6dd376df3
	0x7ff6dd3770fc
	0x7ff6dd3cb107
	0x7ff6dd3c7eb7
	0x7ff6dd367eca
	0x7ff6dd368d33
	0x7ff6dd85a640
	0x7ff6dd854c2b
	0x7ff6dd8758a6
	0x7ff6dd595124
	0x7ff6dd59c5dc
	0x7ff6dd5831f4
	0x7ff6dd5833a5
	0x7ff6dd569232
	0x7ffebd867614
	0x7ffebdc626a1

2025-10-22 23:44:52,322 - INFO - ⚠️ 列表查询失败: Message: no such element: Unable to locate element: {"method":"xpath","selector":"BODY/DIV[1]/DIV/DIV[3]/DIV[1]/DIV[2]/DIV[2]"}
  (Session info: chrome=143.0.7475.8); For documentation on this error, please visit: https://www.selenium.dev/documentation/webdriver/troubleshooting/errors#no-such-element-exception
Stacktrace:
Symbols not available. Dumping unresolved backtrace:
	0x7ff6dd579f45
	0x7ff6dd579fa0
	0x7ff6dd31ea8d
	0x7ff6dd376df3
	0x7ff6dd3770fc
	0x7ff6dd3cb107
	0x7ff6dd3c7eb7
	0x7ff6dd367eca
	0x7ff6dd368d33
	0x7ff6dd85a640
	0x7ff6dd854c2b
	0x7ff6dd8758a6
	0x7ff6dd595124
	0x7ff6dd59c5dc
	0x7ff6dd5831f4
	0x7ff6dd5833a5
	0x7ff6dd569232
	0x7ffebd867614
	0x7ffebdc626a1

2025-10-22 23:44:52,392 - INFO - 📊 通过文本搜索查询到持仓: 3 个
2025-10-22 23:44:52,420 - INFO - 📊 当前持仓: 3 个
2025-10-22 23:44:52,442 - INFO -   持仓1: {'symbol': '恒指(MHI)', 'content': '小恒指(MHI2510)'}
2025-10-22 23:44:52,469 - INFO -   持仓2: {'symbol': '恒指(MHI)', 'content': '小恒指(MHI2510)'}
2025-10-22 23:44:52,488 - INFO -   持仓3: {'symbol': '恒指(MHI)', 'content': '小恒指'}
2025-10-22 23:51:09,023 - INFO - ✅ 浏览器已关闭
2025-10-22 23:51:09,024 - INFO - ✅ 浏览器已关闭
2025-10-22 23:52:16,294 - INFO - 启动浏览器异常: unexpected unindent (mhi_trader_test.py, line 651)
2025-10-22 23:52:22,024 - INFO - 启动浏览器异常: unexpected unindent (mhi_trader_test.py, line 651)
2025-10-22 23:52:23,651 - INFO - 启动浏览器异常: unexpected unindent (mhi_trader_test.py, line 651)
2025-10-22 23:52:24,557 - INFO - 启动浏览器异常: unexpected unindent (mhi_trader_test.py, line 651)
2025-10-22 23:52:25,750 - INFO - 启动浏览器异常: unexpected unindent (mhi_trader_test.py, line 651)
2025-10-22 23:52:46,720 - INFO - 启动浏览器异常: unexpected unindent (mhi_trader_test.py, line 651)
2025-10-22 23:52:48,602 - INFO - 启动浏览器异常: unexpected unindent (mhi_trader_test.py, line 651)
2025-10-22 23:58:42,289 - INFO - ✅ 已加载元素映射: 38 个元素
2025-10-22 23:58:43,228 - WARNING - There was an error managing chrome (error sending request for url (https://googlechromelabs.github.io/chrome-for-testing/known-good-versions-with-downloads.json): error trying to connect: 远程主机强迫关闭了一个现有的连接。 (os error 10054)); using driver found in the cache
2025-10-22 23:58:49,189 - INFO - ✅ 浏览器启动成功，已使用用户数据目录（复用已登录状态）
2025-10-22 23:58:49,229 - INFO - ✅ 浏览器启动成功
2025-10-22 23:58:54,558 - INFO - 🔄 开始切换模式并设置所有参数: 模拟
2025-10-22 23:58:54,754 - INFO - 🔄 切换交易模式: 模拟
2025-10-22 23:58:54,920 - INFO - ✅ 点击模拟模式
2025-10-22 23:58:55,639 - INFO - ✅ 已切换到模拟模式
2025-10-22 23:58:55,646 - INFO - 🔄 设置交易模式: 元
2025-10-22 23:58:55,765 - INFO - ✅ 点击元模式
2025-10-22 23:58:56,386 - INFO - ✅ 已设置元模式
2025-10-22 23:58:56,389 - INFO - 🔄 设置手数: 1
2025-10-22 23:58:56,506 - INFO - ✅ 点击1手
2025-10-22 23:58:57,120 - INFO - ✅ 已设置1手
2025-10-22 23:58:57,124 - INFO - 🔄 设置保证金: 一档(2700)
2025-10-22 23:58:57,263 - INFO - ✅ 点击保证金一档
2025-10-22 23:58:57,882 - INFO - ✅ 已设置保证金一档
2025-10-22 23:58:57,886 - INFO - ✅ 已切换到模拟模式并完成所有参数设置
2025-10-22 23:58:57,890 - INFO - 📋 参数设置: 订单类型=不设置, 交易模式=元, 手数=1, 保证金=2700, 止盈=未设置
2025-10-22 23:59:10,904 - INFO - 🔄 开始切换模式并设置所有参数: 模拟
2025-10-22 23:59:10,905 - INFO - 🔄 切换交易模式: 模拟
2025-10-22 23:59:10,975 - INFO - ✅ 点击模拟模式
2025-10-22 23:59:11,688 - INFO - ✅ 已切换到模拟模式
2025-10-22 23:59:11,692 - INFO - 🔄 设置交易模式: 元
2025-10-22 23:59:11,790 - INFO - ✅ 点击元模式
2025-10-22 23:59:12,404 - INFO - ✅ 已设置元模式
2025-10-22 23:59:12,408 - INFO - 🔄 设置手数: 1
2025-10-22 23:59:12,534 - INFO - ✅ 点击1手
2025-10-22 23:59:13,159 - INFO - ✅ 已设置1手
2025-10-22 23:59:13,162 - INFO - 🔄 设置保证金: 四档(8100)
2025-10-22 23:59:13,288 - INFO - ✅ 点击保证金四档
2025-10-22 23:59:13,906 - INFO - ✅ 已设置保证金四档
2025-10-22 23:59:13,909 - INFO - ✅ 已切换到模拟模式并完成所有参数设置
2025-10-22 23:59:13,911 - INFO - 📋 参数设置: 订单类型=不设置, 交易模式=元, 手数=1, 保证金=8100, 止盈=未设置
2025-10-22 23:59:16,146 - INFO - 🔄 开始买跌操作
2025-10-22 23:59:16,152 - INFO - 🔄 开始买跌操作 - 手数:1, 保证金:2700
2025-10-22 23:59:16,153 - INFO - 🔄 设置手数: 1
2025-10-22 23:59:16,226 - INFO - ✅ 点击1手
2025-10-22 23:59:16,842 - INFO - ✅ 已设置1手
2025-10-22 23:59:16,843 - INFO - 🔄 设置保证金: 一档(2700)
2025-10-22 23:59:16,934 - INFO - ✅ 点击保证金一档
2025-10-22 23:59:17,555 - INFO - ✅ 已设置保证金一档
2025-10-22 23:59:17,766 - INFO - ✅ 点击买跌
2025-10-22 23:59:18,797 - INFO - ✅ 确认买跌订单 - 通过文本查找成功
2025-10-22 23:59:18,912 - INFO - ✅ 买跌订单已提交
2025-10-22 23:59:18,916 - INFO - ✅ 买跌操作完成
2025-10-22 23:59:23,241 - INFO - 🔄 查询当前持仓
2025-10-22 23:59:23,248 - INFO - 🔄 查询当前持仓
2025-10-22 23:59:24,343 - INFO - 📊 通过文本搜索查询到持仓: 3 个
2025-10-22 23:59:24,367 - INFO - 📊 当前持仓: 3 个
2025-10-22 23:59:24,368 - INFO -   持仓1: {'symbol': '恒指(MHI)', 'content': '小恒指(MHI2510)'}
2025-10-22 23:59:24,376 - INFO -   持仓2: {'symbol': '恒指(MHI)', 'content': '小恒指(MHI2510)'}
2025-10-22 23:59:24,376 - INFO -   持仓3: {'symbol': '恒指(MHI)', 'content': '小恒指'}
2025-10-23 00:02:02,989 - INFO - 🔄 执行一键平仓
2025-10-23 00:02:03,001 - INFO - 🔄 执行一键平仓
2025-10-23 00:02:03,105 - INFO - ✅ 点击一键平仓
2025-10-23 00:02:05,620 - INFO - ✅ 一键平仓完成
2025-10-23 00:02:05,634 - INFO - ✅ 一键平仓完成
2025-10-23 00:02:13,763 - INFO - ✅ 浏览器已关闭
2025-10-23 00:02:13,764 - INFO - ✅ 浏览器已关闭
2025-10-23 08:22:09,776 - INFO - ✅ 已加载元素映射: 38 个元素
2025-10-23 08:22:10,791 - WARNING - There was an error managing chrome (error sending request for url (https://googlechromelabs.github.io/chrome-for-testing/known-good-versions-with-downloads.json): error trying to connect: 远程主机强迫关闭了一个现有的连接。 (os error 10054)); using driver found in the cache
2025-10-23 08:22:17,594 - INFO - ✅ 浏览器启动成功，已使用用户数据目录（复用已登录状态）
2025-10-23 08:22:17,626 - INFO - ✅ 浏览器启动成功
2025-10-23 08:23:05,013 - INFO - 🔄 开始切换模式并设置所有参数: 模拟
2025-10-23 08:23:05,213 - INFO - 🔄 切换交易模式: 模拟
2025-10-23 08:23:05,344 - INFO - ✅ 点击模拟模式
2025-10-23 08:23:06,062 - INFO - ✅ 已切换到模拟模式
2025-10-23 08:23:06,068 - INFO - 🔄 设置交易模式: 元
2025-10-23 08:23:06,160 - INFO - ✅ 点击元模式
2025-10-23 08:23:06,779 - INFO - ✅ 已设置元模式
2025-10-23 08:23:06,783 - INFO - 🔄 设置手数: 2
2025-10-23 08:23:06,891 - INFO - ✅ 点击2手
2025-10-23 08:23:07,514 - INFO - ✅ 已设置2手
2025-10-23 08:23:07,519 - INFO - 🔄 设置保证金: 四档(8100)
2025-10-23 08:23:07,629 - INFO - ✅ 点击保证金四档
2025-10-23 08:23:08,246 - INFO - ✅ 已设置保证金四档
2025-10-23 08:23:08,251 - INFO - ✅ 已切换到模拟模式并完成所有参数设置
2025-10-23 08:23:08,255 - INFO - 📋 参数设置: 订单类型=不设置, 交易模式=元, 手数=2, 保证金=8100, 止盈=未设置
2025-10-23 08:23:26,490 - INFO - 🔄 开始切换模式并设置所有参数: 实盘
2025-10-23 08:23:26,493 - INFO - 🔄 切换交易模式: 实盘
2025-10-23 08:23:26,581 - INFO - ✅ 点击实盘模式
2025-10-23 08:23:27,311 - INFO - ✅ 点击市价
2025-10-23 08:23:28,026 - INFO - ✅ 已切换到实盘模式
2025-10-23 08:23:28,028 - INFO - 🔄 设置订单类型: 市价
2025-10-23 08:23:28,150 - INFO - ✅ 点击市价
2025-10-23 08:23:28,774 - INFO - ✅ 已设置市价订单
2025-10-23 08:23:28,777 - INFO - 🔄 设置交易模式: 角
2025-10-23 08:23:28,885 - INFO - ✅ 点击角模式
2025-10-23 08:23:29,508 - INFO - ✅ 已设置角模式
2025-10-23 08:23:29,510 - INFO - 🔄 设置手数: 1
2025-10-23 08:23:29,607 - INFO - ✅ 点击1手
2025-10-23 08:23:30,221 - INFO - ✅ 已设置1手
2025-10-23 08:23:30,226 - INFO - 🔄 设置保证金: 三档(5850)
2025-10-23 08:23:30,355 - INFO - ✅ 点击保证金三档
2025-10-23 08:23:30,972 - INFO - ✅ 已设置保证金三档
2025-10-23 08:23:30,976 - INFO - ✅ 已切换到实盘模式并完成所有参数设置
2025-10-23 08:23:30,980 - INFO - 📋 参数设置: 订单类型=市价, 交易模式=角, 手数=1, 保证金=5850, 止盈=未设置
2025-10-23 08:24:08,909 - INFO - 🔄 开始切换模式并设置所有参数: 模拟
2025-10-23 08:24:08,910 - INFO - 🔄 切换交易模式: 模拟
2025-10-23 08:24:08,999 - INFO - ✅ 点击模拟模式
2025-10-23 08:24:09,714 - INFO - ✅ 已切换到模拟模式
2025-10-23 08:24:09,717 - INFO - 🔄 设置交易模式: 元
2025-10-23 08:24:09,809 - INFO - ✅ 点击元模式
2025-10-23 08:24:10,429 - INFO - ✅ 已设置元模式
2025-10-23 08:24:10,433 - INFO - 🔄 设置手数: 1
2025-10-23 08:24:10,540 - INFO - ✅ 点击1手
2025-10-23 08:24:11,159 - INFO - ✅ 已设置1手
2025-10-23 08:24:11,164 - INFO - 🔄 设置保证金: 四档(8100)
2025-10-23 08:24:11,295 - INFO - ✅ 点击保证金四档
2025-10-23 08:24:11,911 - INFO - ✅ 已设置保证金四档
2025-10-23 08:24:11,915 - INFO - ✅ 已切换到模拟模式并完成所有参数设置
2025-10-23 08:24:11,916 - INFO - 📋 参数设置: 订单类型=不设置, 交易模式=元, 手数=1, 保证金=8100, 止盈=未设置
2025-10-23 08:24:29,229 - INFO - 🔄 开始买涨操作
2025-10-23 08:24:29,243 - INFO - 🔄 开始买涨操作 - 手数:1, 保证金:2700
2025-10-23 08:24:29,254 - INFO - 🔄 设置手数: 1
2025-10-23 08:24:29,337 - INFO - ✅ 点击1手
2025-10-23 08:24:29,954 - INFO - ✅ 已设置1手
2025-10-23 08:24:29,970 - INFO - 🔄 设置保证金: 一档(2700)
2025-10-23 08:24:30,082 - INFO - ✅ 点击保证金一档
2025-10-23 08:24:30,701 - INFO - ✅ 已设置保证金一档
2025-10-23 08:24:30,866 - INFO - ✅ 点击买涨
2025-10-23 08:24:31,859 - INFO - ✅ 确认买涨订单 - 通过文本查找成功
2025-10-23 08:24:31,962 - INFO - ✅ 买涨订单已提交
2025-10-23 08:24:31,973 - INFO - ✅ 买涨操作完成
2025-10-23 08:24:43,310 - INFO - 🔄 开始买涨操作
2025-10-23 08:24:43,318 - INFO - 🔄 开始买涨操作 - 手数:1, 保证金:2700
2025-10-23 08:24:43,328 - INFO - 🔄 设置手数: 1
2025-10-23 08:24:43,419 - INFO - ✅ 点击1手
2025-10-23 08:24:44,044 - INFO - ✅ 已设置1手
2025-10-23 08:24:44,061 - INFO - 🔄 设置保证金: 一档(2700)
2025-10-23 08:24:44,155 - INFO - ✅ 点击保证金一档
2025-10-23 08:24:44,773 - INFO - ✅ 已设置保证金一档
2025-10-23 08:24:44,897 - INFO - ✅ 点击买涨
2025-10-23 08:24:45,856 - INFO - ✅ 确认买涨订单 - 通过文本查找成功
2025-10-23 08:24:45,962 - INFO - ✅ 买涨订单已提交
2025-10-23 08:24:45,974 - INFO - ✅ 买涨操作完成
2025-10-23 08:24:54,774 - INFO - 🔄 开始买跌操作
2025-10-23 08:24:54,785 - INFO - 🔄 开始买跌操作 - 手数:1, 保证金:2700
2025-10-23 08:24:54,796 - INFO - 🔄 设置手数: 1
2025-10-23 08:24:54,889 - INFO - ✅ 点击1手
2025-10-23 08:24:55,514 - INFO - ✅ 已设置1手
2025-10-23 08:24:55,523 - INFO - 🔄 设置保证金: 一档(2700)
2025-10-23 08:24:55,611 - INFO - ✅ 点击保证金一档
2025-10-23 08:24:56,231 - INFO - ✅ 已设置保证金一档
2025-10-23 08:24:56,382 - INFO - ✅ 点击买跌
2025-10-23 08:24:57,340 - INFO - ✅ 确认买跌订单 - 通过文本查找成功
2025-10-23 08:24:57,449 - INFO - ✅ 买跌订单已提交
2025-10-23 08:24:57,466 - INFO - ✅ 买跌操作完成
2025-10-23 09:59:52,000 - INFO - ✅ 已加载元素映射: 38 个元素
2025-10-23 09:59:54,761 - WARNING - There was an error managing chrome (error sending request for url (https://googlechromelabs.github.io/chrome-for-testing/known-good-versions-with-downloads.json): error trying to connect: 远程主机强迫关闭了一个现有的连接。 (os error 10054)); using driver found in the cache
2025-10-23 09:59:57,594 - INFO - ❌ 启动浏览器失败: Message: session not created: Chrome failed to start: crashed.
  (session not created: DevToolsActivePort file doesn't exist)
  (The process started from chrome location C:\Users\Administrator\AppData\Local\Google\Chrome\Application\chrome.exe is no longer running, so ChromeDriver is assuming that Chrome has crashed.)
Stacktrace:
Symbols not available. Dumping unresolved backtrace:
	0x7ff6dd579f45
	0x7ff6dd579fa0
	0x7ff6dd31ea8d
	0x7ff6dd35d657
	0x7ff6dd358bbe
	0x7ff6dd3ad426
	0x7ff6dd3acca6
	0x7ff6dd367eca
	0x7ff6dd368d33
	0x7ff6dd85a640
	0x7ff6dd854c2b
	0x7ff6dd8758a6
	0x7ff6dd595124
	0x7ff6dd59c5dc
	0x7ff6dd5831f4
	0x7ff6dd5833a5
	0x7ff6dd569232
	0x7ffebd867614
	0x7ffebdc626a1

2025-10-23 10:00:01,415 - INFO - ✅ 已加载元素映射: 38 个元素
2025-10-23 10:00:01,649 - INFO - ❌ 数据连接启动失败
2025-10-23 10:00:04,119 - WARNING - There was an error managing chrome (error sending request for url (https://googlechromelabs.github.io/chrome-for-testing/known-good-versions-with-downloads.json): error trying to connect: 远程主机强迫关闭了一个现有的连接。 (os error 10054)); using driver found in the cache
2025-10-23 10:00:04,701 - INFO - ✅ 数据连接已关闭
2025-10-23 10:00:10,473 - INFO - ✅ 浏览器启动成功，已使用用户数据目录（复用已登录状态）
2025-10-23 10:00:12,199 - INFO - ✅ 已加载元素映射: 38 个元素
2025-10-23 10:00:12,713 - INFO - ✅ 数据连接启动成功
2025-10-23 10:00:14,913 - WARNING - There was an error managing chrome (error sending request for url (https://googlechromelabs.github.io/chrome-for-testing/known-good-versions-with-downloads.json): error trying to connect: 远程主机强迫关闭了一个现有的连接。 (os error 10054)); using driver found in the cache
2025-10-23 10:00:23,245 - INFO - ✅ 浏览器启动成功，已使用用户数据目录（复用已登录状态）
2025-10-23 10:00:23,247 - INFO - ✅ 数据连接启动成功
2025-10-23 10:01:05,568 - INFO - ✅ 已加载元素映射: 38 个元素
2025-10-23 10:01:09,532 - WARNING - There was an error managing chrome (error sending request for url (https://storage.googleapis.com/chrome-for-testing-public/143.0.7488.0/win64/chromedriver-win64.zip): error trying to connect: 远程主机强迫关闭了一个现有的连接。 (os error 10054)); using driver found in the cache
2025-10-23 10:01:20,203 - INFO - ✅ 浏览器启动成功，已使用用户数据目录（复用已登录状态）
2025-10-23 10:01:20,239 - INFO - ✅ 数据连接启动成功
2025-10-23 10:05:09,454 - INFO - 🔄 开始切换模式并设置所有参数: 实盘
2025-10-23 10:05:09,657 - INFO - 🔄 切换交易模式: 实盘
2025-10-23 10:05:09,782 - INFO - ✅ 点击实盘模式
2025-10-23 10:05:10,505 - INFO - ✅ 点击市价
2025-10-23 10:05:11,218 - INFO - ✅ 已切换到实盘模式
2025-10-23 10:05:11,222 - INFO - 🔄 设置订单类型: 市价
2025-10-23 10:05:11,318 - INFO - ✅ 点击市价
2025-10-23 10:05:11,929 - INFO - ✅ 已设置市价订单
2025-10-23 10:05:11,930 - INFO - 🔄 设置交易模式: 角
2025-10-23 10:05:12,043 - INFO - ✅ 点击角模式
2025-10-23 10:05:12,658 - INFO - ✅ 已设置角模式
2025-10-23 10:05:12,661 - INFO - 🔄 设置手数: 2
2025-10-23 10:05:12,777 - INFO - ✅ 点击2手
2025-10-23 10:05:13,387 - INFO - ✅ 已设置2手
2025-10-23 10:05:13,391 - INFO - 🔄 设置保证金: 四档(8100)
2025-10-23 10:05:13,503 - INFO - ✅ 点击保证金四档
2025-10-23 10:05:14,117 - INFO - ✅ 已设置保证金四档
2025-10-23 10:05:14,121 - INFO - ✅ 已切换到实盘模式并完成所有参数设置
2025-10-23 10:05:14,124 - INFO - 📋 参数设置: 订单类型=市价, 交易模式=角, 手数=2, 保证金=8100, 止盈=未设置
2025-10-23 10:05:41,580 - INFO - 🔄 开始切换模式并设置所有参数: 实盘
2025-10-23 10:05:41,581 - INFO - 🔄 切换交易模式: 实盘
2025-10-23 10:05:41,662 - INFO - ✅ 点击实盘模式
2025-10-23 10:05:42,419 - INFO - ✅ 点击市价
2025-10-23 10:05:43,143 - INFO - ✅ 已切换到实盘模式
2025-10-23 10:05:43,146 - INFO - 🔄 设置订单类型: 市价
2025-10-23 10:05:43,249 - INFO - ✅ 点击市价
2025-10-23 10:05:43,861 - INFO - ✅ 已设置市价订单
2025-10-23 10:05:43,862 - INFO - 🔄 设置交易模式: 角
2025-10-23 10:05:43,972 - INFO - ✅ 点击角模式
2025-10-23 10:05:44,589 - INFO - ✅ 已设置角模式
2025-10-23 10:05:44,592 - INFO - 🔄 设置手数: 1
2025-10-23 10:05:44,711 - INFO - ✅ 点击1手
2025-10-23 10:05:45,325 - INFO - ✅ 已设置1手
2025-10-23 10:05:45,327 - INFO - 🔄 设置保证金: 一档(2700)
2025-10-23 10:05:45,464 - INFO - ✅ 点击保证金一档
2025-10-23 10:05:46,083 - INFO - ✅ 已设置保证金一档
2025-10-23 10:05:46,085 - INFO - ✅ 已切换到实盘模式并完成所有参数设置
2025-10-23 10:05:46,088 - INFO - 📋 参数设置: 订单类型=市价, 交易模式=角, 手数=1, 保证金=2700, 止盈=未设置
2025-10-23 10:07:48,150 - INFO - 🔄 开始买跌操作
2025-10-23 10:07:48,156 - INFO - 🔄 开始买跌操作 - 手数:1, 保证金:2700
2025-10-23 10:07:48,157 - INFO - 🔄 设置手数: 1
2025-10-23 10:07:48,270 - INFO - ✅ 点击1手
2025-10-23 10:07:48,887 - INFO - ✅ 已设置1手
2025-10-23 10:07:48,888 - INFO - 🔄 设置保证金: 一档(2700)
2025-10-23 10:07:48,993 - INFO - ✅ 点击保证金一档
2025-10-23 10:07:49,617 - INFO - ✅ 已设置保证金一档
2025-10-23 10:07:49,767 - INFO - ✅ 点击买跌
2025-10-23 10:07:50,744 - INFO - ✅ 确认买跌订单 - 通过文本查找成功
2025-10-23 10:07:50,847 - INFO - ✅ 买跌订单已提交
2025-10-23 10:07:50,850 - INFO - ✅ 买跌操作完成
2025-10-23 10:08:08,849 - INFO - 🔄 执行一键平仓
2025-10-23 10:08:08,854 - INFO - 🔄 执行一键平仓
2025-10-23 10:08:08,944 - INFO - ✅ 点击一键平仓
2025-10-23 10:08:11,451 - INFO - ✅ 一键平仓完成
2025-10-23 10:08:11,451 - INFO - ✅ 一键平仓完成
2025-10-23 10:12:38,358 - INFO - 🔄 开始切换模式并设置所有参数: 模拟
2025-10-23 10:12:38,361 - INFO - 🔄 切换交易模式: 模拟
2025-10-23 10:12:38,455 - INFO - ✅ 点击模拟模式
2025-10-23 10:12:39,185 - INFO - ✅ 已切换到模拟模式
2025-10-23 10:12:39,205 - INFO - 🔄 设置交易模式: 元
2025-10-23 10:12:39,305 - INFO - ✅ 点击元模式
2025-10-23 10:12:39,926 - INFO - ✅ 已设置元模式
2025-10-23 10:12:39,934 - INFO - 🔄 设置手数: 3
2025-10-23 10:12:40,044 - INFO - ✅ 点击3手
2025-10-23 10:12:40,656 - INFO - ✅ 已设置3手
2025-10-23 10:12:40,679 - INFO - 🔄 设置保证金: 四档(8100)
2025-10-23 10:12:40,780 - INFO - ✅ 点击保证金四档
2025-10-23 10:12:41,402 - INFO - ✅ 已设置保证金四档
2025-10-23 10:12:41,421 - INFO - ✅ 已切换到模拟模式并完成所有参数设置
2025-10-23 10:12:41,431 - INFO - 📋 参数设置: 订单类型=不设置, 交易模式=元, 手数=3, 保证金=8100, 止盈=未设置
2025-10-23 10:12:53,278 - INFO - 🔄 开始买涨操作
2025-10-23 10:12:53,287 - INFO - 🔄 开始买涨操作 - 手数:1, 保证金:2700
2025-10-23 10:12:53,298 - INFO - 🔄 设置手数: 1
2025-10-23 10:12:53,391 - INFO - ✅ 点击1手
2025-10-23 10:12:54,007 - INFO - ✅ 已设置1手
2025-10-23 10:12:54,026 - INFO - 🔄 设置保证金: 一档(2700)
2025-10-23 10:12:54,111 - INFO - ✅ 点击保证金一档
2025-10-23 10:12:54,725 - INFO - ✅ 已设置保证金一档
2025-10-23 10:12:54,839 - INFO - ✅ 点击买涨
2025-10-23 10:12:55,812 - INFO - ✅ 确认买涨订单 - 通过文本查找成功
2025-10-23 10:12:55,924 - INFO - ✅ 买涨订单已提交
2025-10-23 10:12:55,934 - INFO - ✅ 买涨操作完成
2025-10-23 10:13:10,305 - INFO - 🔄 执行一键平仓
2025-10-23 10:13:10,318 - INFO - 🔄 执行一键平仓
2025-10-23 10:13:10,459 - INFO - ✅ 点击一键平仓
2025-10-23 10:13:12,982 - INFO - ✅ 一键平仓完成
2025-10-23 10:13:12,997 - INFO - ✅ 一键平仓完成
2025-10-23 10:13:28,968 - INFO - 🔄 开始买跌操作
2025-10-23 10:13:28,979 - INFO - 🔄 开始买跌操作 - 手数:1, 保证金:2700
2025-10-23 10:13:28,990 - INFO - 🔄 设置手数: 1
2025-10-23 10:13:29,068 - INFO - ✅ 点击1手
2025-10-23 10:13:29,682 - INFO - ✅ 已设置1手
2025-10-23 10:13:29,703 - INFO - 🔄 设置保证金: 一档(2700)
2025-10-23 10:13:29,798 - INFO - ✅ 点击保证金一档
2025-10-23 10:13:30,414 - INFO - ✅ 已设置保证金一档
2025-10-23 10:13:30,537 - INFO - ✅ 点击买跌
2025-10-23 10:13:31,501 - INFO - ✅ 确认买跌订单 - 通过文本查找成功
2025-10-23 10:13:31,612 - INFO - ✅ 买跌订单已提交
2025-10-23 10:13:31,622 - INFO - ✅ 买跌操作完成
2025-10-23 10:13:41,862 - INFO - 🔄 执行一键平仓
2025-10-23 10:13:41,874 - INFO - 🔄 执行一键平仓
2025-10-23 10:13:41,954 - INFO - ✅ 点击一键平仓
2025-10-23 10:13:44,484 - INFO - ✅ 一键平仓完成
2025-10-23 10:13:44,495 - INFO - ✅ 一键平仓完成
2025-10-23 10:24:54,975 - INFO - ✅ 浏览器已关闭
2025-10-23 10:24:54,977 - INFO - ✅ 数据连接已关闭
